TpTrace Verbose: 0 : 39580, 1, 2023/05/21, 19:35:44.104, 1867364860233, vstest.console.dll, Version: 17.4.0-release-20221019-01 Current process architecture: X64
TpTrace Verbose: 0 : 39580, 1, 2023/05/21, 19:35:44.106, 1867364879263, vstest.console.dll, Runtime location: C:\Program Files\dotnet\shared\Microsoft.NETCore.App\7.0.2
TpTrace Verbose: 0 : 39580, 1, 2023/05/21, 19:35:44.109, 1867364909168, vstest.console.dll, ArtifactProcessingPostProcessModeProcessorExecutor.Initialize: ArtifactProcessingMode.Collect
TpTrace Verbose: 0 : 39580, 1, 2023/05/21, 19:35:44.109, 1867364910667, vstest.console.dll, TestSessionCorrelationIdProcessorModeProcessorExecutor.Initialize: TestSessionCorrelationId '38956_a7d8b1f4-f8ed-40f8-9c4c-a003076c61ad'
TpTrace Information: 0 : 39580, 1, 2023/05/21, 19:35:44.118, 1867364997159, vstest.console.dll, FilePatternParser: The given file C:\Users\AliRaid\source\reposESGI\CSharpBankccount\BankAccount\BankAccount.Test.Bll\bin\Debug\net6.0\fine-code-coverage\build-output\BankAccount.Test.Bll.dll is a full path.
TpTrace Verbose: 0 : 39580, 1, 2023/05/21, 19:35:44.124, 1867365060620, vstest.console.dll, TestPluginCache.DiscoverTestExtensions: finding test extensions in assemblies ends with: RuntimeProvider.dll TPluginInfo: Microsoft.VisualStudio.TestPlatform.Common.ExtensionFramework.Utilities.TestRuntimePluginInformation TExtension: Microsoft.VisualStudio.TestPlatform.ObjectModel.Host.ITestRuntimeProvider
TpTrace Verbose: 0 : 39580, 1, 2023/05/21, 19:35:44.124, 1867365063246, vstest.console.dll, TestPluginCache.GetExtensionPaths: Filtered extension paths: 
TpTrace Verbose: 0 : 39580, 1, 2023/05/21, 19:35:44.124, 1867365065013, vstest.console.dll, TestPluginCache.GetExtensionPaths: Added default extension paths: C:\Program Files\dotnet\sdk\7.0.102\Extensions\Microsoft.Diagnostics.NETCore.Client.dll
C:\Program Files\dotnet\sdk\7.0.102\Extensions\Microsoft.TestPlatform.Extensions.BlameDataCollector.dll
C:\Program Files\dotnet\sdk\7.0.102\Extensions\Microsoft.TestPlatform.Extensions.EventLogCollector.dll
C:\Program Files\dotnet\sdk\7.0.102\Extensions\Microsoft.TestPlatform.TestHostRuntimeProvider.dll
C:\Program Files\dotnet\sdk\7.0.102\Extensions\Microsoft.VisualStudio.TestPlatform.Extensions.Html.TestLogger.dll
C:\Program Files\dotnet\sdk\7.0.102\Extensions\Microsoft.VisualStudio.TestPlatform.Extensions.Trx.TestLogger.dll
TpTrace Verbose: 0 : 39580, 1, 2023/05/21, 19:35:44.124, 1867365065630, vstest.console.dll, TestPluginCache.GetExtensionPaths: Added unfilterableExtensionPaths: 
TpTrace Information: 0 : 39580, 1, 2023/05/21, 19:35:44.125, 1867365074791, vstest.console.dll, AssemblyResolver.ctor: Creating AssemblyResolver with searchDirectories C:\Program Files\dotnet\sdk\7.0.102\Extensions,C:\Program Files\dotnet\sdk\7.0.102
TpTrace Verbose: 0 : 39580, 1, 2023/05/21, 19:35:44.127, 1867365087543, vstest.console.dll, TestPluginCache.DiscoverTestExtensions: Discovering the extensions using extension path.
TpTrace Verbose: 0 : 39580, 1, 2023/05/21, 19:35:44.127, 1867365089081, vstest.console.dll, TestPluginCache.GetExtensionPaths: Filtered extension paths: 
TpTrace Verbose: 0 : 39580, 1, 2023/05/21, 19:35:44.127, 1867365089681, vstest.console.dll, TestPluginCache.GetExtensionPaths: Added default extension paths: C:\Program Files\dotnet\sdk\7.0.102\Extensions\Microsoft.Diagnostics.NETCore.Client.dll
C:\Program Files\dotnet\sdk\7.0.102\Extensions\Microsoft.TestPlatform.Extensions.BlameDataCollector.dll
C:\Program Files\dotnet\sdk\7.0.102\Extensions\Microsoft.TestPlatform.Extensions.EventLogCollector.dll
C:\Program Files\dotnet\sdk\7.0.102\Extensions\Microsoft.TestPlatform.TestHostRuntimeProvider.dll
C:\Program Files\dotnet\sdk\7.0.102\Extensions\Microsoft.VisualStudio.TestPlatform.Extensions.Html.TestLogger.dll
C:\Program Files\dotnet\sdk\7.0.102\Extensions\Microsoft.VisualStudio.TestPlatform.Extensions.Trx.TestLogger.dll
TpTrace Verbose: 0 : 39580, 1, 2023/05/21, 19:35:44.127, 1867365090149, vstest.console.dll, TestPluginCache.GetExtensionPaths: Added unfilterableExtensionPaths: 
TpTrace Verbose: 0 : 39580, 1, 2023/05/21, 19:35:44.127, 1867365091342, vstest.console.dll, TestPluginCache.DiscoverTestExtensions: Discovering the extensions using allExtensionPaths: C:\Program Files\dotnet\sdk\7.0.102\Extensions\Microsoft.Diagnostics.NETCore.Client.dll
C:\Program Files\dotnet\sdk\7.0.102\Extensions\Microsoft.TestPlatform.Extensions.BlameDataCollector.dll
C:\Program Files\dotnet\sdk\7.0.102\Extensions\Microsoft.TestPlatform.Extensions.EventLogCollector.dll
C:\Program Files\dotnet\sdk\7.0.102\Extensions\Microsoft.TestPlatform.TestHostRuntimeProvider.dll
C:\Program Files\dotnet\sdk\7.0.102\Extensions\Microsoft.VisualStudio.TestPlatform.Extensions.Html.TestLogger.dll
C:\Program Files\dotnet\sdk\7.0.102\Extensions\Microsoft.VisualStudio.TestPlatform.Extensions.Trx.TestLogger.dll
TpTrace Information: 0 : 39580, 1, 2023/05/21, 19:35:44.127, 1867365092989, vstest.console.dll, AssemblyResolver.AddSearchDirectories: Adding more searchDirectories C:\Program Files\dotnet\sdk\7.0.102\Extensions,C:\Program Files\dotnet\sdk\7.0.102
TpTrace Information: 0 : 39580, 1, 2023/05/21, 19:35:44.127, 1867365093671, vstest.console.dll, AssemblyResolver.AddSearchDirectories: Adding more searchDirectories C:\Program Files\dotnet\sdk\7.0.102\Extensions,C:\Program Files\dotnet\sdk\7.0.102
TpTrace Information: 0 : 39580, 1, 2023/05/21, 19:35:44.127, 1867365094119, vstest.console.dll, AssemblyResolver.AddSearchDirectories: Adding more searchDirectories C:\Program Files\dotnet\sdk\7.0.102\Extensions,C:\Program Files\dotnet\sdk\7.0.102
TpTrace Information: 0 : 39580, 1, 2023/05/21, 19:35:44.127, 1867365094515, vstest.console.dll, AssemblyResolver.AddSearchDirectories: Adding more searchDirectories C:\Program Files\dotnet\sdk\7.0.102\Extensions,C:\Program Files\dotnet\sdk\7.0.102
TpTrace Information: 0 : 39580, 1, 2023/05/21, 19:35:44.127, 1867365094960, vstest.console.dll, AssemblyResolver.AddSearchDirectories: Adding more searchDirectories C:\Program Files\dotnet\sdk\7.0.102\Extensions,C:\Program Files\dotnet\sdk\7.0.102
TpTrace Information: 0 : 39580, 1, 2023/05/21, 19:35:44.127, 1867365095345, vstest.console.dll, AssemblyResolver.AddSearchDirectories: Adding more searchDirectories C:\Program Files\dotnet\sdk\7.0.102\Extensions,C:\Program Files\dotnet\sdk\7.0.102
TpTrace Information: 0 : 39580, 1, 2023/05/21, 19:35:44.128, 1867365100364, vstest.console.dll, AssemblyResolver.OnResolve: Microsoft.Diagnostics.NETCore.Client: Resolving assembly.
TpTrace Information: 0 : 39580, 1, 2023/05/21, 19:35:44.128, 1867365101157, vstest.console.dll, AssemblyResolver.OnResolve: Microsoft.Diagnostics.NETCore.Client: Searching in: 'C:\Program Files\dotnet\sdk\7.0.102\Extensions'.
TpTrace Information: 0 : 39580, 1, 2023/05/21, 19:35:44.136, 1867365183123, vstest.console.dll, AssemblyResolver.OnResolve: Microsoft.Diagnostics.NETCore.Client: Loading assembly 'C:\Program Files\dotnet\sdk\7.0.102\Extensions\Microsoft.Diagnostics.NETCore.Client.dll'.
TpTrace Information: 0 : 39580, 1, 2023/05/21, 19:35:44.137, 1867365189275, vstest.console.dll, AssemblyResolver.OnResolve: Resolved assembly: Microsoft.Diagnostics.NETCore.Client, from path: C:\Program Files\dotnet\sdk\7.0.102\Extensions\Microsoft.Diagnostics.NETCore.Client.dll
TpTrace Verbose: 0 : 39580, 1, 2023/05/21, 19:35:44.138, 1867365206012, vstest.console.dll, MetadataReaderExtensionsHelper: Discovering extensions inside assembly 'Microsoft.Diagnostics.NETCore.Client, Version=0.2.6.42401, Culture=neutral, PublicKeyToken=31bf3856ad364e35' file path 'C:\Program Files\dotnet\sdk\7.0.102\Extensions\Microsoft.Diagnostics.NETCore.Client.dll'
TpTrace Information: 0 : 39580, 1, 2023/05/21, 19:35:44.144, 1867365257931, vstest.console.dll, AssemblyResolver.OnResolve: Microsoft.Bcl.AsyncInterfaces: Resolving assembly.
TpTrace Information: 0 : 39580, 1, 2023/05/21, 19:35:44.144, 1867365258794, vstest.console.dll, AssemblyResolver.OnResolve: Microsoft.Bcl.AsyncInterfaces: Searching in: 'C:\Program Files\dotnet\sdk\7.0.102\Extensions'.
TpTrace Information: 0 : 39580, 1, 2023/05/21, 19:35:44.144, 1867365260057, vstest.console.dll, AssemblyResolver.OnResolve: Microsoft.Bcl.AsyncInterfaces: Assembly path does not exist: 'C:\Program Files\dotnet\sdk\7.0.102\Extensions\Microsoft.Bcl.AsyncInterfaces.dll', returning.
TpTrace Information: 0 : 39580, 1, 2023/05/21, 19:35:44.144, 1867365261757, vstest.console.dll, AssemblyResolver.OnResolve: Microsoft.Bcl.AsyncInterfaces: Assembly path does not exist: 'C:\Program Files\dotnet\sdk\7.0.102\Extensions\Microsoft.Bcl.AsyncInterfaces.exe', returning.
TpTrace Information: 0 : 39580, 1, 2023/05/21, 19:35:44.144, 1867365262293, vstest.console.dll, AssemblyResolver.OnResolve: Microsoft.Bcl.AsyncInterfaces: Searching in: 'C:\Program Files\dotnet\sdk\7.0.102'.
TpTrace Information: 0 : 39580, 1, 2023/05/21, 19:35:44.144, 1867365263303, vstest.console.dll, AssemblyResolver.OnResolve: Microsoft.Bcl.AsyncInterfaces: Assembly path does not exist: 'C:\Program Files\dotnet\sdk\7.0.102\Microsoft.Bcl.AsyncInterfaces.dll', returning.
TpTrace Information: 0 : 39580, 1, 2023/05/21, 19:35:44.144, 1867365264311, vstest.console.dll, AssemblyResolver.OnResolve: Microsoft.Bcl.AsyncInterfaces: Assembly path does not exist: 'C:\Program Files\dotnet\sdk\7.0.102\Microsoft.Bcl.AsyncInterfaces.exe', returning.
TpTrace Information: 0 : 39580, 1, 2023/05/21, 19:35:44.144, 1867365264821, vstest.console.dll, AssemblyResolver.OnResolve: Microsoft.Bcl.AsyncInterfaces: Failed to load assembly.
TpTrace Verbose: 0 : 39580, 1, 2023/05/21, 19:35:44.144, 1867365265446, vstest.console.dll, CurrentDomainAssemblyResolve: Resolving assembly 'Microsoft.Bcl.AsyncInterfaces'.
TpTrace Information: 0 : 39580, 1, 2023/05/21, 19:35:44.144, 1867365266197, vstest.console.dll, AssemblyResolver.OnResolve: Microsoft.Bcl.AsyncInterfaces: Resolving assembly.
TpTrace Information: 0 : 39580, 1, 2023/05/21, 19:35:44.145, 1867365266792, vstest.console.dll, AssemblyResolver.OnResolve: Microsoft.Bcl.AsyncInterfaces: Resolved from cache.
TpTrace Verbose: 0 : 39580, 1, 2023/05/21, 19:35:44.145, 1867365267207, vstest.console.dll, CurrentDomainAssemblyResolve: Resolving assembly 'Microsoft.Bcl.AsyncInterfaces'.
TpTrace Verbose: 0 : 39580, 1, 2023/05/21, 19:35:44.145, 1867365267683, vstest.console.dll, CurrentDomainAssemblyResolve: Failed to resolve assembly 'Microsoft.Bcl.AsyncInterfaces'.
TpTrace Verbose: 0 : 39580, 1, 2023/05/21, 19:35:44.146, 1867365277625, vstest.console.dll, CurrentDomainAssemblyResolve: Failed to resolve assembly 'Microsoft.Bcl.AsyncInterfaces'.
TpTrace Warning: 0 : 39580, 1, 2023/05/21, 19:35:44.155, 1867365374813, vstest.console.dll, TestPluginDiscoverer: Failed to get types from assembly 'Microsoft.Diagnostics.NETCore.Client, Version=0.2.6.42401, Culture=neutral, PublicKeyToken=31bf3856ad364e35'. Error: System.Reflection.ReflectionTypeLoadException: Unable to load one or more of the requested types.
Could not load file or assembly 'Microsoft.Bcl.AsyncInterfaces, Version=1.0.0.0, Culture=neutral, PublicKeyToken=cc7b13ffcd2ddd51'. Le fichier spécifié est introuvable.
   at System.Reflection.RuntimeModule.GetTypes(RuntimeModule module)
   at System.Reflection.Assembly.GetTypes()
   at Microsoft.VisualStudio.TestPlatform.Common.ExtensionFramework.TestPluginDiscoverer.GetTestExtensionsFromAssembly[TPluginInfo,TExtension](Assembly assembly, Dictionary`2 pluginInfos, String filePath)
System.IO.FileNotFoundException: Could not load file or assembly 'Microsoft.Bcl.AsyncInterfaces, Version=1.0.0.0, Culture=neutral, PublicKeyToken=cc7b13ffcd2ddd51'. Le fichier spécifié est introuvable.
File name: 'Microsoft.Bcl.AsyncInterfaces, Version=1.0.0.0, Culture=neutral, PublicKeyToken=cc7b13ffcd2ddd51'
 ---> System.IO.FileNotFoundException: Could not load file or assembly 'Microsoft.Bcl.AsyncInterfaces, Culture=neutral, PublicKeyToken=null'. Le fichier spécifié est introuvable.
File name: 'Microsoft.Bcl.AsyncInterfaces, Culture=neutral, PublicKeyToken=null'
   at System.Reflection.RuntimeAssembly.InternalLoad(AssemblyName assemblyName, StackCrawlMark& stackMark, AssemblyLoadContext assemblyLoadContext, RuntimeAssembly requestingAssembly, Boolean throwOnFileNotFound)
   at System.Reflection.Assembly.Load(AssemblyName assemblyRef)
   at Microsoft.VisualStudio.TestPlatform.Common.ExtensionFramework.TestPluginCache.CurrentDomainAssemblyResolve(Object sender, AssemblyResolveEventArgs args)
   at System.Runtime.Loader.AssemblyLoadContext.GetFirstResolvedAssemblyFromResolvingEvent(AssemblyName assemblyName)
   at System.Runtime.Loader.AssemblyLoadContext.ResolveUsingEvent(AssemblyName assemblyName)
   at System.Runtime.Loader.AssemblyLoadContext.ResolveUsingResolvingEvent(IntPtr gchManagedAssemblyLoadContext, AssemblyName assemblyName)
TpTrace Warning: 0 : 39580, 1, 2023/05/21, 19:35:44.156, 1867365381634, vstest.console.dll, LoaderExceptions: System.IO.FileNotFoundException: Could not load file or assembly 'Microsoft.Bcl.AsyncInterfaces, Version=1.0.0.0, Culture=neutral, PublicKeyToken=cc7b13ffcd2ddd51'. Le fichier spécifié est introuvable.
File name: 'Microsoft.Bcl.AsyncInterfaces, Version=1.0.0.0, Culture=neutral, PublicKeyToken=cc7b13ffcd2ddd51'
 ---> System.IO.FileNotFoundException: Could not load file or assembly 'Microsoft.Bcl.AsyncInterfaces, Culture=neutral, PublicKeyToken=null'. Le fichier spécifié est introuvable.
File name: 'Microsoft.Bcl.AsyncInterfaces, Culture=neutral, PublicKeyToken=null'
   at System.Reflection.RuntimeAssembly.InternalLoad(AssemblyName assemblyName, StackCrawlMark& stackMark, AssemblyLoadContext assemblyLoadContext, RuntimeAssembly requestingAssembly, Boolean throwOnFileNotFound)
   at System.Reflection.Assembly.Load(AssemblyName assemblyRef)
   at Microsoft.VisualStudio.TestPlatform.Common.ExtensionFramework.TestPluginCache.CurrentDomainAssemblyResolve(Object sender, AssemblyResolveEventArgs args)
   at System.Runtime.Loader.AssemblyLoadContext.GetFirstResolvedAssemblyFromResolvingEvent(AssemblyName assemblyName)
   at System.Runtime.Loader.AssemblyLoadContext.ResolveUsingEvent(AssemblyName assemblyName)
   at System.Runtime.Loader.AssemblyLoadContext.ResolveUsingResolvingEvent(IntPtr gchManagedAssemblyLoadContext, AssemblyName assemblyName)
TpTrace Information: 0 : 39580, 1, 2023/05/21, 19:35:44.156, 1867365384685, vstest.console.dll, AssemblyResolver.OnResolve: Microsoft.TestPlatform.Extensions.BlameDataCollector: Resolving assembly.
TpTrace Information: 0 : 39580, 1, 2023/05/21, 19:35:44.156, 1867365385342, vstest.console.dll, AssemblyResolver.OnResolve: Microsoft.TestPlatform.Extensions.BlameDataCollector: Searching in: 'C:\Program Files\dotnet\sdk\7.0.102\Extensions'.
TpTrace Information: 0 : 39580, 1, 2023/05/21, 19:35:44.157, 1867365390216, vstest.console.dll, AssemblyResolver.OnResolve: Microsoft.TestPlatform.Extensions.BlameDataCollector: Loading assembly 'C:\Program Files\dotnet\sdk\7.0.102\Extensions\Microsoft.TestPlatform.Extensions.BlameDataCollector.dll'.
TpTrace Information: 0 : 39580, 1, 2023/05/21, 19:35:44.157, 1867365396680, vstest.console.dll, AssemblyResolver.OnResolve: Resolved assembly: Microsoft.TestPlatform.Extensions.BlameDataCollector, from path: C:\Program Files\dotnet\sdk\7.0.102\Extensions\Microsoft.TestPlatform.Extensions.BlameDataCollector.dll
TpTrace Verbose: 0 : 39580, 1, 2023/05/21, 19:35:44.158, 1867365397798, vstest.console.dll, MetadataReaderExtensionsHelper: Discovering extensions inside assembly 'Microsoft.TestPlatform.Extensions.BlameDataCollector, Version=15.0.0.0, Culture=neutral, PublicKeyToken=b03f5f7f11d50a3a' file path 'C:\Program Files\dotnet\sdk\7.0.102\Extensions\Microsoft.TestPlatform.Extensions.BlameDataCollector.dll'
TpTrace Information: 0 : 39580, 1, 2023/05/21, 19:35:44.160, 1867365417410, vstest.console.dll, AssemblyResolver.OnResolve: Microsoft.TestPlatform.Extensions.EventLogCollector: Resolving assembly.
TpTrace Information: 0 : 39580, 1, 2023/05/21, 19:35:44.160, 1867365418295, vstest.console.dll, AssemblyResolver.OnResolve: Microsoft.TestPlatform.Extensions.EventLogCollector: Searching in: 'C:\Program Files\dotnet\sdk\7.0.102\Extensions'.
TpTrace Information: 0 : 39580, 1, 2023/05/21, 19:35:44.160, 1867365421871, vstest.console.dll, AssemblyResolver.OnResolve: Microsoft.TestPlatform.Extensions.EventLogCollector: Loading assembly 'C:\Program Files\dotnet\sdk\7.0.102\Extensions\Microsoft.TestPlatform.Extensions.EventLogCollector.dll'.
TpTrace Information: 0 : 39580, 1, 2023/05/21, 19:35:44.160, 1867365426753, vstest.console.dll, AssemblyResolver.OnResolve: Resolved assembly: Microsoft.TestPlatform.Extensions.EventLogCollector, from path: C:\Program Files\dotnet\sdk\7.0.102\Extensions\Microsoft.TestPlatform.Extensions.EventLogCollector.dll
TpTrace Verbose: 0 : 39580, 1, 2023/05/21, 19:35:44.161, 1867365427676, vstest.console.dll, MetadataReaderExtensionsHelper: Discovering extensions inside assembly 'Microsoft.TestPlatform.Extensions.EventLogCollector, Version=15.0.0.0, Culture=neutral, PublicKeyToken=b03f5f7f11d50a3a' file path 'C:\Program Files\dotnet\sdk\7.0.102\Extensions\Microsoft.TestPlatform.Extensions.EventLogCollector.dll'
TpTrace Information: 0 : 39580, 1, 2023/05/21, 19:35:44.163, 1867365452167, vstest.console.dll, AssemblyResolver.OnResolve: Microsoft.TestPlatform.TestHostRuntimeProvider: Resolving assembly.
TpTrace Information: 0 : 39580, 1, 2023/05/21, 19:35:44.163, 1867365453049, vstest.console.dll, AssemblyResolver.OnResolve: Microsoft.TestPlatform.TestHostRuntimeProvider: Searching in: 'C:\Program Files\dotnet\sdk\7.0.102\Extensions'.
TpTrace Information: 0 : 39580, 1, 2023/05/21, 19:35:44.163, 1867365456553, vstest.console.dll, AssemblyResolver.OnResolve: Microsoft.TestPlatform.TestHostRuntimeProvider: Loading assembly 'C:\Program Files\dotnet\sdk\7.0.102\Extensions\Microsoft.TestPlatform.TestHostRuntimeProvider.dll'.
TpTrace Information: 0 : 39580, 1, 2023/05/21, 19:35:44.164, 1867365461830, vstest.console.dll, AssemblyResolver.OnResolve: Resolved assembly: Microsoft.TestPlatform.TestHostRuntimeProvider, from path: C:\Program Files\dotnet\sdk\7.0.102\Extensions\Microsoft.TestPlatform.TestHostRuntimeProvider.dll
TpTrace Verbose: 0 : 39580, 1, 2023/05/21, 19:35:44.164, 1867365463173, vstest.console.dll, MetadataReaderExtensionsHelper: Discovering extensions inside assembly 'Microsoft.TestPlatform.TestHostRuntimeProvider, Version=15.0.0.0, Culture=neutral, PublicKeyToken=b03f5f7f11d50a3a' file path 'C:\Program Files\dotnet\sdk\7.0.102\Extensions\Microsoft.TestPlatform.TestHostRuntimeProvider.dll'
TpTrace Information: 0 : 39580, 1, 2023/05/21, 19:35:44.166, 1867365483735, vstest.console.dll, GetTestExtensionFromType: Register extension with identifier data 'HostProvider://DefaultTestHost' and type 'Microsoft.VisualStudio.TestPlatform.CrossPlatEngine.Hosting.DefaultTestHostManager, Microsoft.TestPlatform.TestHostRuntimeProvider, Version=15.0.0.0, Culture=neutral, PublicKeyToken=b03f5f7f11d50a3a' inside file 'C:\Program Files\dotnet\sdk\7.0.102\Extensions\Microsoft.TestPlatform.TestHostRuntimeProvider.dll'
TpTrace Information: 0 : 39580, 1, 2023/05/21, 19:35:44.166, 1867365486660, vstest.console.dll, GetTestExtensionFromType: Register extension with identifier data 'HostProvider://DotnetTestHost' and type 'Microsoft.VisualStudio.TestPlatform.CrossPlatEngine.Hosting.DotnetTestHostManager, Microsoft.TestPlatform.TestHostRuntimeProvider, Version=15.0.0.0, Culture=neutral, PublicKeyToken=b03f5f7f11d50a3a' inside file 'C:\Program Files\dotnet\sdk\7.0.102\Extensions\Microsoft.TestPlatform.TestHostRuntimeProvider.dll'
TpTrace Information: 0 : 39580, 1, 2023/05/21, 19:35:44.167, 1867365487683, vstest.console.dll, AssemblyResolver.OnResolve: Microsoft.VisualStudio.TestPlatform.Extensions.Html.TestLogger: Resolving assembly.
TpTrace Information: 0 : 39580, 1, 2023/05/21, 19:35:44.167, 1867365488439, vstest.console.dll, AssemblyResolver.OnResolve: Microsoft.VisualStudio.TestPlatform.Extensions.Html.TestLogger: Searching in: 'C:\Program Files\dotnet\sdk\7.0.102\Extensions'.
TpTrace Information: 0 : 39580, 1, 2023/05/21, 19:35:44.167, 1867365492057, vstest.console.dll, AssemblyResolver.OnResolve: Microsoft.VisualStudio.TestPlatform.Extensions.Html.TestLogger: Loading assembly 'C:\Program Files\dotnet\sdk\7.0.102\Extensions\Microsoft.VisualStudio.TestPlatform.Extensions.Html.TestLogger.dll'.
TpTrace Information: 0 : 39580, 1, 2023/05/21, 19:35:44.168, 1867365497066, vstest.console.dll, AssemblyResolver.OnResolve: Resolved assembly: Microsoft.VisualStudio.TestPlatform.Extensions.Html.TestLogger, from path: C:\Program Files\dotnet\sdk\7.0.102\Extensions\Microsoft.VisualStudio.TestPlatform.Extensions.Html.TestLogger.dll
TpTrace Verbose: 0 : 39580, 1, 2023/05/21, 19:35:44.168, 1867365498012, vstest.console.dll, MetadataReaderExtensionsHelper: Discovering extensions inside assembly 'Microsoft.VisualStudio.TestPlatform.Extensions.Html.TestLogger, Version=15.0.0.0, Culture=neutral, PublicKeyToken=b03f5f7f11d50a3a' file path 'C:\Program Files\dotnet\sdk\7.0.102\Extensions\Microsoft.VisualStudio.TestPlatform.Extensions.Html.TestLogger.dll'
TpTrace Information: 0 : 39580, 1, 2023/05/21, 19:35:44.169, 1867365507675, vstest.console.dll, AssemblyResolver.OnResolve: Microsoft.VisualStudio.TestPlatform.Extensions.Trx.TestLogger: Resolving assembly.
TpTrace Information: 0 : 39580, 1, 2023/05/21, 19:35:44.169, 1867365508453, vstest.console.dll, AssemblyResolver.OnResolve: Microsoft.VisualStudio.TestPlatform.Extensions.Trx.TestLogger: Searching in: 'C:\Program Files\dotnet\sdk\7.0.102\Extensions'.
TpTrace Information: 0 : 39580, 1, 2023/05/21, 19:35:44.169, 1867365512032, vstest.console.dll, AssemblyResolver.OnResolve: Microsoft.VisualStudio.TestPlatform.Extensions.Trx.TestLogger: Loading assembly 'C:\Program Files\dotnet\sdk\7.0.102\Extensions\Microsoft.VisualStudio.TestPlatform.Extensions.Trx.TestLogger.dll'.
TpTrace Information: 0 : 39580, 1, 2023/05/21, 19:35:44.170, 1867365517997, vstest.console.dll, AssemblyResolver.OnResolve: Resolved assembly: Microsoft.VisualStudio.TestPlatform.Extensions.Trx.TestLogger, from path: C:\Program Files\dotnet\sdk\7.0.102\Extensions\Microsoft.VisualStudio.TestPlatform.Extensions.Trx.TestLogger.dll
TpTrace Verbose: 0 : 39580, 1, 2023/05/21, 19:35:44.170, 1867365518985, vstest.console.dll, MetadataReaderExtensionsHelper: Discovering extensions inside assembly 'Microsoft.VisualStudio.TestPlatform.Extensions.Trx.TestLogger, Version=15.0.0.0, Culture=neutral, PublicKeyToken=b03f5f7f11d50a3a' file path 'C:\Program Files\dotnet\sdk\7.0.102\Extensions\Microsoft.VisualStudio.TestPlatform.Extensions.Trx.TestLogger.dll'
TpTrace Verbose: 0 : 39580, 1, 2023/05/21, 19:35:44.171, 1867365532398, vstest.console.dll, TestPluginCache: Discovered the extensions using extension path ''.
TpTrace Verbose: 0 : 39580, 1, 2023/05/21, 19:35:44.171, 1867365533270, vstest.console.dll, TestPluginCache: Discoverers are ''.
TpTrace Verbose: 0 : 39580, 1, 2023/05/21, 19:35:44.171, 1867365533855, vstest.console.dll, TestPluginCache: Executors are ''.
TpTrace Verbose: 0 : 39580, 1, 2023/05/21, 19:35:44.171, 1867365534236, vstest.console.dll, TestPluginCache: Executors2 are ''.
TpTrace Verbose: 0 : 39580, 1, 2023/05/21, 19:35:44.171, 1867365534598, vstest.console.dll, TestPluginCache: Setting providers are ''.
TpTrace Verbose: 0 : 39580, 1, 2023/05/21, 19:35:44.171, 1867365534960, vstest.console.dll, TestPluginCache: Loggers are ''.
TpTrace Verbose: 0 : 39580, 1, 2023/05/21, 19:35:44.171, 1867365535952, vstest.console.dll, TestPluginCache: TestHosts are 'HostProvider://DefaultTestHost,HostProvider://DotnetTestHost'.
TpTrace Verbose: 0 : 39580, 1, 2023/05/21, 19:35:44.171, 1867365536446, vstest.console.dll, TestPluginCache: DataCollectors are ''.
TpTrace Information: 0 : 39580, 1, 2023/05/21, 19:35:44.183, 1867365655358, vstest.console.dll, RunTestsArgumentProcessor:Execute: Test run is starting.
TpTrace Verbose: 0 : 39580, 1, 2023/05/21, 19:35:44.183, 1867365656406, vstest.console.dll, RunTestsArgumentProcessor:Execute: Queuing Test run.
TpTrace Information: 0 : 39580, 1, 2023/05/21, 19:35:44.184, 1867365659133, vstest.console.dll, TestRequestManager.RunTests: run tests started.
TpTrace Information: 0 : 39580, 1, 2023/05/21, 19:35:44.185, 1867365676008, vstest.console.dll, AssemblyMetadataProvider.GetFrameworkName: Determined framework:'.NETCoreApp,Version=v6.0' for source: 'C:\Users\AliRaid\source\reposESGI\CSharpBankccount\BankAccount\BankAccount.Test.Bll\bin\Debug\net6.0\fine-code-coverage\build-output\BankAccount.Test.Bll.dll'
TpTrace Information: 0 : 39580, 1, 2023/05/21, 19:35:44.186, 1867365678280, vstest.console.dll, Determined framework for all sources: .NETCoreApp,Version=v6.0
TpTrace Verbose: 0 : 39580, 1, 2023/05/21, 19:35:44.186, 1867365683436, vstest.console.dll, TestRequestManager.UpdateRunSettingsIfRequired: Default architecture: X64 IsDefaultTargetArchitecture: True, Current process architecture: X64 OperatingSystem: Windows.
TpTrace Information: 0 : 39580, 1, 2023/05/21, 19:35:44.189, 1867365707391, vstest.console.dll, AssemblyMetadataProvider.GetArchitecture: Determined architecture:AnyCPU info for assembly: C:\Users\AliRaid\source\reposESGI\CSharpBankccount\BankAccount\BankAccount.Test.Bll\bin\Debug\net6.0\fine-code-coverage\build-output\BankAccount.Test.Bll.dll
TpTrace Information: 0 : 39580, 1, 2023/05/21, 19:35:44.189, 1867365708213, vstest.console.dll, Determined platform for source 'C:\Users\AliRaid\source\reposESGI\CSharpBankccount\BankAccount\BankAccount.Test.Bll\bin\Debug\net6.0\fine-code-coverage\build-output\BankAccount.Test.Bll.dll' was AnyCPU and it will use the default plaform X64.
TpTrace Information: 0 : 39580, 1, 2023/05/21, 19:35:44.189, 1867365708680, vstest.console.dll, None of the sources provided any runnable platform, using the default platform: X64
TpTrace Information: 0 : 39580, 1, 2023/05/21, 19:35:44.189, 1867365710177, vstest.console.dll, Platform was updated to 'X64'.
TpTrace Information: 0 : 39580, 1, 2023/05/21, 19:35:44.193, 1867365754746, vstest.console.dll, InferRunSettingsHelper.IsTestSettingsEnabled: Unable to navigate to RunSettings/MSTest. Current node: RunSettings
TpTrace Information: 0 : 39580, 1, 2023/05/21, 19:35:44.194, 1867365762913, vstest.console.dll, AssemblyResolver.OnResolve: Microsoft.VisualStudio.TestPlatform.Fakes: Resolving assembly.
TpTrace Information: 0 : 39580, 1, 2023/05/21, 19:35:44.194, 1867365763673, vstest.console.dll, AssemblyResolver.OnResolve: Microsoft.VisualStudio.TestPlatform.Fakes: Searching in: 'C:\Program Files\dotnet\sdk\7.0.102\Extensions'.
TpTrace Information: 0 : 39580, 1, 2023/05/21, 19:35:44.194, 1867365765181, vstest.console.dll, AssemblyResolver.OnResolve: Microsoft.VisualStudio.TestPlatform.Fakes: Assembly path does not exist: 'C:\Program Files\dotnet\sdk\7.0.102\Extensions\Microsoft.VisualStudio.TestPlatform.Fakes.dll', returning.
TpTrace Information: 0 : 39580, 1, 2023/05/21, 19:35:44.194, 1867365766451, vstest.console.dll, AssemblyResolver.OnResolve: Microsoft.VisualStudio.TestPlatform.Fakes: Assembly path does not exist: 'C:\Program Files\dotnet\sdk\7.0.102\Extensions\Microsoft.VisualStudio.TestPlatform.Fakes.exe', returning.
TpTrace Information: 0 : 39580, 1, 2023/05/21, 19:35:44.195, 1867365766943, vstest.console.dll, AssemblyResolver.OnResolve: Microsoft.VisualStudio.TestPlatform.Fakes: Searching in: 'C:\Program Files\dotnet\sdk\7.0.102'.
TpTrace Information: 0 : 39580, 1, 2023/05/21, 19:35:44.195, 1867365767947, vstest.console.dll, AssemblyResolver.OnResolve: Microsoft.VisualStudio.TestPlatform.Fakes: Assembly path does not exist: 'C:\Program Files\dotnet\sdk\7.0.102\Microsoft.VisualStudio.TestPlatform.Fakes.dll', returning.
TpTrace Information: 0 : 39580, 1, 2023/05/21, 19:35:44.195, 1867365769114, vstest.console.dll, AssemblyResolver.OnResolve: Microsoft.VisualStudio.TestPlatform.Fakes: Assembly path does not exist: 'C:\Program Files\dotnet\sdk\7.0.102\Microsoft.VisualStudio.TestPlatform.Fakes.exe', returning.
TpTrace Information: 0 : 39580, 1, 2023/05/21, 19:35:44.195, 1867365769714, vstest.console.dll, AssemblyResolver.OnResolve: Microsoft.VisualStudio.TestPlatform.Fakes: Failed to load assembly.
TpTrace Information: 0 : 39580, 1, 2023/05/21, 19:35:44.195, 1867365772657, vstest.console.dll, Failed to load assembly Microsoft.VisualStudio.TestPlatform.Fakes, Version=17.0.0.0, Culture=neutral. Reason:System.IO.FileNotFoundException: Could not load file or assembly 'Microsoft.VisualStudio.TestPlatform.Fakes, Version=17.0.0.0, Culture=neutral, PublicKeyToken=null'. Le fichier spécifié est introuvable.
File name: 'Microsoft.VisualStudio.TestPlatform.Fakes, Version=17.0.0.0, Culture=neutral, PublicKeyToken=null'
   at System.Reflection.RuntimeAssembly.InternalLoad(AssemblyName assemblyName, StackCrawlMark& stackMark, AssemblyLoadContext assemblyLoadContext, RuntimeAssembly requestingAssembly, Boolean throwOnFileNotFound)
   at System.Reflection.Assembly.Load(AssemblyName assemblyRef)
   at Microsoft.VisualStudio.TestPlatform.Common.Utilities.FakesUtilities.LoadTestPlatformAssembly()
TpTrace Verbose: 0 : 39580, 1, 2023/05/21, 19:35:44.199, 1867365816566, vstest.console.dll, TestPluginCache.DiscoverTestExtensions: finding test extensions in assemblies ends with: TestLogger.dll TPluginInfo: Microsoft.VisualStudio.TestPlatform.Common.ExtensionFramework.Utilities.TestLoggerPluginInformation TExtension: Microsoft.VisualStudio.TestPlatform.ObjectModel.Client.ITestLogger
TpTrace Verbose: 0 : 39580, 1, 2023/05/21, 19:35:44.200, 1867365817887, vstest.console.dll, TestPluginCache.GetExtensionPaths: Filtered extension paths: 
TpTrace Verbose: 0 : 39580, 1, 2023/05/21, 19:35:44.200, 1867365818451, vstest.console.dll, TestPluginCache.GetExtensionPaths: Added default extension paths: C:\Program Files\dotnet\sdk\7.0.102\Extensions\Microsoft.Diagnostics.NETCore.Client.dll
C:\Program Files\dotnet\sdk\7.0.102\Extensions\Microsoft.TestPlatform.Extensions.BlameDataCollector.dll
C:\Program Files\dotnet\sdk\7.0.102\Extensions\Microsoft.TestPlatform.Extensions.EventLogCollector.dll
C:\Program Files\dotnet\sdk\7.0.102\Extensions\Microsoft.TestPlatform.TestHostRuntimeProvider.dll
C:\Program Files\dotnet\sdk\7.0.102\Extensions\Microsoft.VisualStudio.TestPlatform.Extensions.Html.TestLogger.dll
C:\Program Files\dotnet\sdk\7.0.102\Extensions\Microsoft.VisualStudio.TestPlatform.Extensions.Trx.TestLogger.dll
TpTrace Verbose: 0 : 39580, 1, 2023/05/21, 19:35:44.200, 1867365818939, vstest.console.dll, TestPluginCache.GetExtensionPaths: Added unfilterableExtensionPaths: 
TpTrace Information: 0 : 39580, 1, 2023/05/21, 19:35:44.200, 1867365820973, vstest.console.dll, AssemblyResolver.AddSearchDirectories: Adding more searchDirectories C:\Program Files\dotnet\sdk\7.0.102\Extensions,C:\Program Files\dotnet\sdk\7.0.102
TpTrace Verbose: 0 : 39580, 1, 2023/05/21, 19:35:44.200, 1867365821647, vstest.console.dll, TestPluginCache.DiscoverTestExtensions: Discovering the extensions using extension path.
TpTrace Verbose: 0 : 39580, 1, 2023/05/21, 19:35:44.200, 1867365822137, vstest.console.dll, TestPluginCache.GetExtensionPaths: Filtered extension paths: 
TpTrace Verbose: 0 : 39580, 1, 2023/05/21, 19:35:44.200, 1867365822638, vstest.console.dll, TestPluginCache.GetExtensionPaths: Added default extension paths: C:\Program Files\dotnet\sdk\7.0.102\Extensions\Microsoft.Diagnostics.NETCore.Client.dll
C:\Program Files\dotnet\sdk\7.0.102\Extensions\Microsoft.TestPlatform.Extensions.BlameDataCollector.dll
C:\Program Files\dotnet\sdk\7.0.102\Extensions\Microsoft.TestPlatform.Extensions.EventLogCollector.dll
C:\Program Files\dotnet\sdk\7.0.102\Extensions\Microsoft.TestPlatform.TestHostRuntimeProvider.dll
C:\Program Files\dotnet\sdk\7.0.102\Extensions\Microsoft.VisualStudio.TestPlatform.Extensions.Html.TestLogger.dll
C:\Program Files\dotnet\sdk\7.0.102\Extensions\Microsoft.VisualStudio.TestPlatform.Extensions.Trx.TestLogger.dll
TpTrace Verbose: 0 : 39580, 1, 2023/05/21, 19:35:44.200, 1867365823069, vstest.console.dll, TestPluginCache.GetExtensionPaths: Added unfilterableExtensionPaths: 
TpTrace Verbose: 0 : 39580, 1, 2023/05/21, 19:35:44.200, 1867365823858, vstest.console.dll, TestPluginCache.DiscoverTestExtensions: Discovering the extensions using allExtensionPaths: C:\Program Files\dotnet\sdk\7.0.102\Extensions\Microsoft.Diagnostics.NETCore.Client.dll
C:\Program Files\dotnet\sdk\7.0.102\Extensions\Microsoft.TestPlatform.Extensions.BlameDataCollector.dll
C:\Program Files\dotnet\sdk\7.0.102\Extensions\Microsoft.TestPlatform.Extensions.EventLogCollector.dll
C:\Program Files\dotnet\sdk\7.0.102\Extensions\Microsoft.TestPlatform.TestHostRuntimeProvider.dll
C:\Program Files\dotnet\sdk\7.0.102\Extensions\Microsoft.VisualStudio.TestPlatform.Extensions.Html.TestLogger.dll
C:\Program Files\dotnet\sdk\7.0.102\Extensions\Microsoft.VisualStudio.TestPlatform.Extensions.Trx.TestLogger.dll
TpTrace Information: 0 : 39580, 1, 2023/05/21, 19:35:44.200, 1867365825199, vstest.console.dll, AssemblyResolver.AddSearchDirectories: Adding more searchDirectories C:\Program Files\dotnet\sdk\7.0.102\Extensions,C:\Program Files\dotnet\sdk\7.0.102
TpTrace Information: 0 : 39580, 1, 2023/05/21, 19:35:44.200, 1867365825864, vstest.console.dll, AssemblyResolver.AddSearchDirectories: Adding more searchDirectories C:\Program Files\dotnet\sdk\7.0.102\Extensions,C:\Program Files\dotnet\sdk\7.0.102
TpTrace Information: 0 : 39580, 1, 2023/05/21, 19:35:44.200, 1867365826312, vstest.console.dll, AssemblyResolver.AddSearchDirectories: Adding more searchDirectories C:\Program Files\dotnet\sdk\7.0.102\Extensions,C:\Program Files\dotnet\sdk\7.0.102
TpTrace Information: 0 : 39580, 1, 2023/05/21, 19:35:44.200, 1867365826741, vstest.console.dll, AssemblyResolver.AddSearchDirectories: Adding more searchDirectories C:\Program Files\dotnet\sdk\7.0.102\Extensions,C:\Program Files\dotnet\sdk\7.0.102
TpTrace Information: 0 : 39580, 1, 2023/05/21, 19:35:44.201, 1867365827222, vstest.console.dll, AssemblyResolver.AddSearchDirectories: Adding more searchDirectories C:\Program Files\dotnet\sdk\7.0.102\Extensions,C:\Program Files\dotnet\sdk\7.0.102
TpTrace Information: 0 : 39580, 1, 2023/05/21, 19:35:44.201, 1867365827657, vstest.console.dll, AssemblyResolver.AddSearchDirectories: Adding more searchDirectories C:\Program Files\dotnet\sdk\7.0.102\Extensions,C:\Program Files\dotnet\sdk\7.0.102
TpTrace Verbose: 0 : 39580, 1, 2023/05/21, 19:35:44.201, 1867365829023, vstest.console.dll, MetadataReaderExtensionsHelper: Discovering extensions inside assembly 'Microsoft.Diagnostics.NETCore.Client, Version=0.2.6.42401, Culture=neutral, PublicKeyToken=31bf3856ad364e35' file path 'C:\Program Files\dotnet\sdk\7.0.102\Extensions\Microsoft.Diagnostics.NETCore.Client.dll'
TpTrace Information: 0 : 39580, 1, 2023/05/21, 19:35:44.202, 1867365837492, vstest.console.dll, AssemblyResolver.OnResolve: Microsoft.Bcl.AsyncInterfaces: Resolving assembly.
TpTrace Information: 0 : 39580, 1, 2023/05/21, 19:35:44.202, 1867365838313, vstest.console.dll, AssemblyResolver.OnResolve: Microsoft.Bcl.AsyncInterfaces: Resolved from cache.
TpTrace Verbose: 0 : 39580, 1, 2023/05/21, 19:35:44.202, 1867365838855, vstest.console.dll, CurrentDomainAssemblyResolve: Resolving assembly 'Microsoft.Bcl.AsyncInterfaces'.
TpTrace Information: 0 : 39580, 1, 2023/05/21, 19:35:44.202, 1867365839541, vstest.console.dll, AssemblyResolver.OnResolve: Microsoft.Bcl.AsyncInterfaces: Resolving assembly.
TpTrace Information: 0 : 39580, 1, 2023/05/21, 19:35:44.202, 1867365839995, vstest.console.dll, AssemblyResolver.OnResolve: Microsoft.Bcl.AsyncInterfaces: Resolved from cache.
TpTrace Verbose: 0 : 39580, 1, 2023/05/21, 19:35:44.202, 1867365840450, vstest.console.dll, CurrentDomainAssemblyResolve: Resolving assembly 'Microsoft.Bcl.AsyncInterfaces'.
TpTrace Verbose: 0 : 39580, 1, 2023/05/21, 19:35:44.202, 1867365840841, vstest.console.dll, CurrentDomainAssemblyResolve: Failed to resolve assembly 'Microsoft.Bcl.AsyncInterfaces'.
TpTrace Verbose: 0 : 39580, 1, 2023/05/21, 19:35:44.202, 1867365842707, vstest.console.dll, CurrentDomainAssemblyResolve: Failed to resolve assembly 'Microsoft.Bcl.AsyncInterfaces'.
TpTrace Warning: 0 : 39580, 1, 2023/05/21, 19:35:44.203, 1867365846889, vstest.console.dll, TestPluginDiscoverer: Failed to get types from assembly 'Microsoft.Diagnostics.NETCore.Client, Version=0.2.6.42401, Culture=neutral, PublicKeyToken=31bf3856ad364e35'. Error: System.Reflection.ReflectionTypeLoadException: Unable to load one or more of the requested types.
Could not load file or assembly 'Microsoft.Bcl.AsyncInterfaces, Version=1.0.0.0, Culture=neutral, PublicKeyToken=cc7b13ffcd2ddd51'. Le fichier spécifié est introuvable.
   at System.Reflection.RuntimeModule.GetTypes(RuntimeModule module)
   at System.Reflection.Assembly.GetTypes()
   at Microsoft.VisualStudio.TestPlatform.Common.ExtensionFramework.TestPluginDiscoverer.GetTestExtensionsFromAssembly[TPluginInfo,TExtension](Assembly assembly, Dictionary`2 pluginInfos, String filePath)
System.IO.FileNotFoundException: Could not load file or assembly 'Microsoft.Bcl.AsyncInterfaces, Version=1.0.0.0, Culture=neutral, PublicKeyToken=cc7b13ffcd2ddd51'. Le fichier spécifié est introuvable.
File name: 'Microsoft.Bcl.AsyncInterfaces, Version=1.0.0.0, Culture=neutral, PublicKeyToken=cc7b13ffcd2ddd51'
 ---> System.IO.FileNotFoundException: Could not load file or assembly 'Microsoft.Bcl.AsyncInterfaces, Culture=neutral, PublicKeyToken=null'. Le fichier spécifié est introuvable.
File name: 'Microsoft.Bcl.AsyncInterfaces, Culture=neutral, PublicKeyToken=null'
   at System.Reflection.RuntimeAssembly.InternalLoad(AssemblyName assemblyName, StackCrawlMark& stackMark, AssemblyLoadContext assemblyLoadContext, RuntimeAssembly requestingAssembly, Boolean throwOnFileNotFound)
   at System.Reflection.Assembly.Load(AssemblyName assemblyRef)
   at Microsoft.VisualStudio.TestPlatform.Common.ExtensionFramework.TestPluginCache.CurrentDomainAssemblyResolve(Object sender, AssemblyResolveEventArgs args)
   at System.Runtime.Loader.AssemblyLoadContext.GetFirstResolvedAssemblyFromResolvingEvent(AssemblyName assemblyName)
   at System.Runtime.Loader.AssemblyLoadContext.ResolveUsingEvent(AssemblyName assemblyName)
   at System.Runtime.Loader.AssemblyLoadContext.ResolveUsingResolvingEvent(IntPtr gchManagedAssemblyLoadContext, AssemblyName assemblyName)
TpTrace Warning: 0 : 39580, 1, 2023/05/21, 19:35:44.203, 1867365848944, vstest.console.dll, LoaderExceptions: System.IO.FileNotFoundException: Could not load file or assembly 'Microsoft.Bcl.AsyncInterfaces, Version=1.0.0.0, Culture=neutral, PublicKeyToken=cc7b13ffcd2ddd51'. Le fichier spécifié est introuvable.
File name: 'Microsoft.Bcl.AsyncInterfaces, Version=1.0.0.0, Culture=neutral, PublicKeyToken=cc7b13ffcd2ddd51'
 ---> System.IO.FileNotFoundException: Could not load file or assembly 'Microsoft.Bcl.AsyncInterfaces, Culture=neutral, PublicKeyToken=null'. Le fichier spécifié est introuvable.
File name: 'Microsoft.Bcl.AsyncInterfaces, Culture=neutral, PublicKeyToken=null'
   at System.Reflection.RuntimeAssembly.InternalLoad(AssemblyName assemblyName, StackCrawlMark& stackMark, AssemblyLoadContext assemblyLoadContext, RuntimeAssembly requestingAssembly, Boolean throwOnFileNotFound)
   at System.Reflection.Assembly.Load(AssemblyName assemblyRef)
   at Microsoft.VisualStudio.TestPlatform.Common.ExtensionFramework.TestPluginCache.CurrentDomainAssemblyResolve(Object sender, AssemblyResolveEventArgs args)
   at System.Runtime.Loader.AssemblyLoadContext.GetFirstResolvedAssemblyFromResolvingEvent(AssemblyName assemblyName)
   at System.Runtime.Loader.AssemblyLoadContext.ResolveUsingEvent(AssemblyName assemblyName)
   at System.Runtime.Loader.AssemblyLoadContext.ResolveUsingResolvingEvent(IntPtr gchManagedAssemblyLoadContext, AssemblyName assemblyName)
TpTrace Verbose: 0 : 39580, 1, 2023/05/21, 19:35:44.203, 1867365850352, vstest.console.dll, MetadataReaderExtensionsHelper: Discovering extensions inside assembly 'Microsoft.TestPlatform.Extensions.BlameDataCollector, Version=15.0.0.0, Culture=neutral, PublicKeyToken=b03f5f7f11d50a3a' file path 'C:\Program Files\dotnet\sdk\7.0.102\Extensions\Microsoft.TestPlatform.Extensions.BlameDataCollector.dll'
TpTrace Information: 0 : 39580, 1, 2023/05/21, 19:35:44.203, 1867365855620, vstest.console.dll, GetTestExtensionFromType: Register extension with identifier data 'logger://Microsoft/TestPlatform/Extensions/Blame/v1' and type 'Microsoft.TestPlatform.Extensions.BlameDataCollector.BlameLogger, Microsoft.TestPlatform.Extensions.BlameDataCollector, Version=15.0.0.0, Culture=neutral, PublicKeyToken=b03f5f7f11d50a3a' inside file 'C:\Program Files\dotnet\sdk\7.0.102\Extensions\Microsoft.TestPlatform.Extensions.BlameDataCollector.dll'
TpTrace Verbose: 0 : 39580, 1, 2023/05/21, 19:35:44.203, 1867365856444, vstest.console.dll, MetadataReaderExtensionsHelper: Discovering extensions inside assembly 'Microsoft.TestPlatform.Extensions.EventLogCollector, Version=15.0.0.0, Culture=neutral, PublicKeyToken=b03f5f7f11d50a3a' file path 'C:\Program Files\dotnet\sdk\7.0.102\Extensions\Microsoft.TestPlatform.Extensions.EventLogCollector.dll'
TpTrace Verbose: 0 : 39580, 1, 2023/05/21, 19:35:44.204, 1867365860029, vstest.console.dll, MetadataReaderExtensionsHelper: Discovering extensions inside assembly 'Microsoft.TestPlatform.TestHostRuntimeProvider, Version=15.0.0.0, Culture=neutral, PublicKeyToken=b03f5f7f11d50a3a' file path 'C:\Program Files\dotnet\sdk\7.0.102\Extensions\Microsoft.TestPlatform.TestHostRuntimeProvider.dll'
TpTrace Verbose: 0 : 39580, 1, 2023/05/21, 19:35:44.204, 1867365863579, vstest.console.dll, MetadataReaderExtensionsHelper: Discovering extensions inside assembly 'Microsoft.VisualStudio.TestPlatform.Extensions.Html.TestLogger, Version=15.0.0.0, Culture=neutral, PublicKeyToken=b03f5f7f11d50a3a' file path 'C:\Program Files\dotnet\sdk\7.0.102\Extensions\Microsoft.VisualStudio.TestPlatform.Extensions.Html.TestLogger.dll'
TpTrace Information: 0 : 39580, 1, 2023/05/21, 19:35:44.205, 1867365869286, vstest.console.dll, GetTestExtensionFromType: Register extension with identifier data 'logger://Microsoft/TestPlatform/HtmlLogger/v1' and type 'Microsoft.VisualStudio.TestPlatform.Extensions.HtmlLogger.HtmlLogger, Microsoft.VisualStudio.TestPlatform.Extensions.Html.TestLogger, Version=15.0.0.0, Culture=neutral, PublicKeyToken=b03f5f7f11d50a3a' inside file 'C:\Program Files\dotnet\sdk\7.0.102\Extensions\Microsoft.VisualStudio.TestPlatform.Extensions.Html.TestLogger.dll'
TpTrace Verbose: 0 : 39580, 1, 2023/05/21, 19:35:44.205, 1867365870247, vstest.console.dll, MetadataReaderExtensionsHelper: Discovering extensions inside assembly 'Microsoft.VisualStudio.TestPlatform.Extensions.Trx.TestLogger, Version=15.0.0.0, Culture=neutral, PublicKeyToken=b03f5f7f11d50a3a' file path 'C:\Program Files\dotnet\sdk\7.0.102\Extensions\Microsoft.VisualStudio.TestPlatform.Extensions.Trx.TestLogger.dll'
TpTrace Information: 0 : 39580, 1, 2023/05/21, 19:35:44.205, 1867365874445, vstest.console.dll, GetTestExtensionFromType: Register extension with identifier data 'logger://Microsoft/TestPlatform/TrxLogger/v1' and type 'Microsoft.VisualStudio.TestPlatform.Extensions.TrxLogger.TrxLogger, Microsoft.VisualStudio.TestPlatform.Extensions.Trx.TestLogger, Version=15.0.0.0, Culture=neutral, PublicKeyToken=b03f5f7f11d50a3a' inside file 'C:\Program Files\dotnet\sdk\7.0.102\Extensions\Microsoft.VisualStudio.TestPlatform.Extensions.Trx.TestLogger.dll'
TpTrace Verbose: 0 : 39580, 1, 2023/05/21, 19:35:44.205, 1867365875557, vstest.console.dll, TestPluginCache: Discovered the extensions using extension path ''.
TpTrace Verbose: 0 : 39580, 1, 2023/05/21, 19:35:44.205, 1867365876206, vstest.console.dll, TestPluginCache: Discoverers are ''.
TpTrace Verbose: 0 : 39580, 1, 2023/05/21, 19:35:44.205, 1867365876596, vstest.console.dll, TestPluginCache: Executors are ''.
TpTrace Verbose: 0 : 39580, 1, 2023/05/21, 19:35:44.206, 1867365876957, vstest.console.dll, TestPluginCache: Executors2 are ''.
TpTrace Verbose: 0 : 39580, 1, 2023/05/21, 19:35:44.206, 1867365877313, vstest.console.dll, TestPluginCache: Setting providers are ''.
TpTrace Verbose: 0 : 39580, 1, 2023/05/21, 19:35:44.206, 1867365878160, vstest.console.dll, TestPluginCache: Loggers are 'logger://Microsoft/TestPlatform/Extensions/Blame/v1,logger://Microsoft/TestPlatform/HtmlLogger/v1,logger://Microsoft/TestPlatform/TrxLogger/v1'.
TpTrace Verbose: 0 : 39580, 1, 2023/05/21, 19:35:44.206, 1867365878703, vstest.console.dll, TestPluginCache: TestHosts are 'HostProvider://DefaultTestHost,HostProvider://DotnetTestHost'.
TpTrace Verbose: 0 : 39580, 1, 2023/05/21, 19:35:44.206, 1867365879097, vstest.console.dll, TestPluginCache: DataCollectors are ''.
TpTrace Information: 0 : 39580, 1, 2023/05/21, 19:35:44.207, 1867365889910, vstest.console.dll, TestPluginManager.CreateTestExtension: Attempting to load test extension: Microsoft.TestPlatform.Extensions.BlameDataCollector.BlameLogger
TpTrace Verbose: 0 : 39580, 1, 2023/05/21, 19:35:44.215, 1867365975000, vstest.console.dll, TestEngine: Initializing Parallel Execution as MaxCpuCount is set to: 1
TpTrace Information: 0 : 39580, 1, 2023/05/21, 19:35:44.217, 1867365995473, vstest.console.dll, TestPluginManager.CreateTestExtension: Attempting to load test extension: Microsoft.VisualStudio.TestPlatform.CrossPlatEngine.Hosting.DefaultTestHostManager
TpTrace Information: 0 : 39580, 1, 2023/05/21, 19:35:44.218, 1867366004869, vstest.console.dll, TestPluginManager.CreateTestExtension: Attempting to load test extension: Microsoft.VisualStudio.TestPlatform.CrossPlatEngine.Hosting.DotnetTestHostManager
TpTrace Information: 0 : 39580, 1, 2023/05/21, 19:35:44.219, 1867366012587, vstest.console.dll, InferRunSettingsHelper.IsTestSettingsEnabled: Unable to navigate to RunSettings/MSTest. Current node: RunSettings
TpTrace Verbose: 0 : 39580, 1, 2023/05/21, 19:35:44.225, 1867366066966, vstest.console.dll, TestEngine.GetExecutionManager: Chosen execution manager 'Microsoft.VisualStudio.TestPlatform.CrossPlatEngine.Client.Parallel.ParallelProxyExecutionManager, Microsoft.TestPlatform.CrossPlatEngine, Version=15.0.0.0, Culture=neutral, PublicKeyToken=b03f5f7f11d50a3a' ParallelLevel '1'.
TpTrace Verbose: 0 : 39580, 1, 2023/05/21, 19:35:44.225, 1867366069627, vstest.console.dll, TestRunRequest.ExecuteAsync: Creating test run request.
TpTrace Verbose: 0 : 39580, 1, 2023/05/21, 19:35:44.225, 1867366072608, vstest.console.dll, TestRunRequest.ExecuteAsync: Starting.
TpTrace Information: 0 : 39580, 1, 2023/05/21, 19:35:44.225, 1867366075935, vstest.console.dll, TestRunRequest.ExecuteAsync: Starting run with settings:TestRunCriteria:
   KeepAlive=False,FrequencyOfRunStatsChangeEvent=10,RunStatsChangeEventTimeout=00:00:01.5000000,TestCaseFilter=,TestExecutorLauncher=
   Settingsxml=<RunSettings>
  <RunConfiguration>
    <ResultsDirectory>C:\Users\AliRaid\source\reposESGI\CSharpBankccount\BankAccount\BankAccount.Test.Bll\bin\Debug\net6.0\fine-code-coverage\coverage-tool-output</ResultsDirectory>
    <TargetPlatform>X64</TargetPlatform>
    <TargetFrameworkVersion>.NETCoreApp,Version=v6.0</TargetFrameworkVersion>
    <DesignMode>False</DesignMode>
    <CollectSourceInformation>False</CollectSourceInformation>
  </RunConfiguration>
  <LoggerRunSettings>
    <Loggers>
      <Logger friendlyName="blame" enabled="True" />
      <Logger friendlyName="Console" uri="logger://microsoft/TestPlatform/ConsoleLogger/v1" assemblyQualifiedName="Microsoft.VisualStudio.TestPlatform.CommandLine.Internal.ConsoleLogger, vstest.console, Version=15.0.0.0, Culture=neutral, PublicKeyToken=b03f5f7f11d50a3a" codeBase="C:\Program Files\dotnet\sdk\7.0.102\vstest.console.dll" enabled="True" />
    </Loggers>
  </LoggerRunSettings>
  <DataCollectionRunSettings>
    <DataCollectors>
      <DataCollector friendlyName="blame" enabled="True">
        <Configuration>
          <ResultsDirectory>C:\Users\AliRaid\source\reposESGI\CSharpBankccount\BankAccount\BankAccount.Test.Bll\bin\Debug\net6.0\fine-code-coverage\coverage-tool-output</ResultsDirectory>
        </Configuration>
      </DataCollector>
    </DataCollectors>
  </DataCollectionRunSettings>
</RunSettings>

TpTrace Verbose: 0 : 39580, 1, 2023/05/21, 19:35:44.225, 1867366076656, vstest.console.dll, TestRunRequest.ExecuteAsync: Wait for the first run request is over.
TpTrace Verbose: 0 : 39580, 1, 2023/05/21, 19:35:44.226, 1867366080039, vstest.console.dll, MulticastDelegateUtilities.SafeInvoke: TestRun.TestRunStart: Invoking callbacks was skipped because there are no subscribers.
TpTrace Verbose: 0 : 39580, 4, 2023/05/21, 19:35:44.226, 1867366083658, vstest.console.dll, MulticastDelegateUtilities.SafeInvoke: InternalTestLoggerEvents.SendTestRunStart: Invoking callback 1/1 for Microsoft.VisualStudio.TestPlatform.CommandLine.Internal.ConsoleLogger., took 0 ms.
TpTrace Verbose: 0 : 39580, 1, 2023/05/21, 19:35:44.228, 1867366101144, vstest.console.dll, ParallelProxyExecutionManager: Start execution. Total sources: 1
TpTrace Verbose: 0 : 39580, 1, 2023/05/21, 19:35:44.230, 1867366122781, vstest.console.dll, TestRequestSender is acting as server.
TpTrace Verbose: 0 : 39580, 1, 2023/05/21, 19:35:44.232, 1867366144409, vstest.console.dll, DataCollectionRequestSender.InitializeCommunication : Initialize communication. 
TpTrace Information: 0 : 39580, 1, 2023/05/21, 19:35:44.239, 1867366210263, vstest.console.dll, Listening on Endpoint : 127.0.0.1:62359
TpTrace Verbose: 0 : 39580, 1, 2023/05/21, 19:35:44.250, 1867366322201, vstest.console.dll, DotnetDataCollectionLauncher: Adding  --runtimeconfig "C:\Program Files\dotnet\sdk\7.0.102\datacollector.runtimeconfig.json" in args
TpTrace Verbose: 0 : 39580, 1, 2023/05/21, 19:35:44.250, 1867366324621, vstest.console.dll, DotnetDataCollectionLauncher: Adding  --depsfile "C:\Program Files\dotnet\sdk\7.0.102\datacollector.deps.json" in args
TpTrace Verbose: 0 : 39580, 1, 2023/05/21, 19:35:44.251, 1867366330980, vstest.console.dll, DotnetDataCollectionLauncher: Full path of dotnet.exe is C:\Program Files\dotnet\dotnet.exe
TpTrace Information: 0 : 39580, 1, 2023/05/21, 19:35:44.274, 1867366561800, vstest.console.dll, ProxyDataCollectionManager.Initialize: Launched datacollector processId: 38212 port: 62359
TpTrace Information: 0 : 39580, 1, 2023/05/21, 19:35:44.274, 1867366564213, vstest.console.dll, ProxyDataCollectionManager.Initialize: waiting for connection with timeout: 90 seconds
TpTrace Verbose: 0 : 39580, 1, 2023/05/21, 19:35:44.274, 1867366565114, vstest.console.dll, DataCollectionRequestSender.WaitForRequestHandlerConnection : Waiting for connection with timeout: 90000
TpTrace Information: 0 : 39580, 8, 2023/05/21, 19:35:44.517, 1867368993116, vstest.console.dll, Using the buffer size of 16384 bytes
TpTrace Verbose: 0 : 39580, 1, 2023/05/21, 19:35:44.517, 1867368993421, vstest.console.dll, SocketCommunicationManager.WaitForClientConnection took: 242 ms, with 90000 ms timeout, and finished with True.
TpTrace Information: 0 : 39580, 8, 2023/05/21, 19:35:44.517, 1867368994619, vstest.console.dll, Accepted Client request and set the flag
TpTrace Verbose: 0 : 39580, 1, 2023/05/21, 19:35:44.517, 1867368996104, vstest.console.dll, ProxyDataCollectionManager.InvokeDataCollectionServiceAction: Starting.
TpTrace Information: 0 : 39580, 1, 2023/05/21, 19:35:44.518, 1867368997556, vstest.console.dll, ProxyDataCollectionManager.BeforeTestRunStart: Get environment variable and port for datacollector processId: 38212 port: 62359
TpTrace Verbose: 0 : 39580, 1, 2023/05/21, 19:35:44.518, 1867368998868, vstest.console.dll, DataCollectionRequestSender.SendBeforeTestRunStartAndGetResult: Send BeforeTestRunStart message with settingsXml <RunSettings><RunConfiguration><ResultsDirectory>C:\Users\AliRaid\source\reposESGI\CSharpBankccount\BankAccount\BankAccount.Test.Bll\bin\Debug\net6.0\fine-code-coverage\coverage-tool-output</ResultsDirectory><TargetPlatform>X64</TargetPlatform><TargetFrameworkVersion>.NETCoreApp,Version=v6.0</TargetFrameworkVersion><DesignMode>False</DesignMode><CollectSourceInformation>False</CollectSourceInformation><TestAdaptersPaths>C:\Program Files\dotnet\sdk\7.0.102\Extensions</TestAdaptersPaths></RunConfiguration><LoggerRunSettings><Loggers><Logger friendlyName="blame" enabled="True" /><Logger friendlyName="Console" uri="logger://microsoft/TestPlatform/ConsoleLogger/v1" assemblyQualifiedName="Microsoft.VisualStudio.TestPlatform.CommandLine.Internal.ConsoleLogger, vstest.console, Version=15.0.0.0, Culture=neutral, PublicKeyToken=b03f5f7f11d50a3a" codeBase="C:\Program Files\dotnet\sdk\7.0.102\vstest.console.dll" enabled="True" /></Loggers></LoggerRunSettings><DataCollectionRunSettings><DataCollectors><DataCollector friendlyName="blame" enabled="True"><Configuration><ResultsDirectory>C:\Users\AliRaid\source\reposESGI\CSharpBankccount\BankAccount\BankAccount.Test.Bll\bin\Debug\net6.0\fine-code-coverage\coverage-tool-output</ResultsDirectory></Configuration></DataCollector></DataCollectors></DataCollectionRunSettings></RunSettings> and sources System.Collections.Generic.List`1[System.String]: 
TpTrace Verbose: 0 : 39580, 1, 2023/05/21, 19:35:44.624, 1867370061738, vstest.console.dll, DataCollectionRequestSender.SendBeforeTestRunStartAndGetResult: Received message: (DataCollection.SendMessage) -> {"MessageType":"DataCollection.SendMessage","Payload":{"FriendlyName":null,"Uri":null,"TestCaseId":"00000000-0000-0000-0000-000000000000","Message":"Logging DataCollector Diagnostics in file: C:\\Users\\AliRaid\\source\\reposESGI\\CSharpBankccount\\BankAccount\\BankAccount.Test.Bll\\bin\\Debug\\net6.0\\fine-code-coverage\\coverage-tool-output\\diagnostics.datacollector.23-05-21_19-35-44_25020_1.log","Level":0}}
TpTrace Verbose: 0 : 39580, 1, 2023/05/21, 19:35:44.759, 1867371409114, vstest.console.dll, DataCollectionRequestSender.SendBeforeTestRunStartAndGetResult: Received message: (DataCollection.BeforeTestRunStartResult) -> {"MessageType":"DataCollection.BeforeTestRunStartResult","Payload":{"EnvironmentVariables":{},"DataCollectionEventsPort":62361}}
TpTrace Information: 0 : 39580, 1, 2023/05/21, 19:35:44.766, 1867371482262, vstest.console.dll, ProxyDataCollectionManager.BeforeTestRunStart: SendBeforeTestRunStartAndGetResult successful, env variable from datacollector:   and testhost port: 62361
TpTrace Information: 0 : 39580, 1, 2023/05/21, 19:35:44.766, 1867371483544, vstest.console.dll, ProxyDataCollectionManager.InvokeDataCollectionServiceAction: Completed.
TpTrace Verbose: 0 : 39580, 1, 2023/05/21, 19:35:44.766, 1867371486257, vstest.console.dll, ProxyParallelExecutionManager: No sources available for execution.
TpTrace Verbose: 0 : 39580, 8, 2023/05/21, 19:35:44.767, 1867371486922, vstest.console.dll, ParallelProxyExecutionManager: Execution started. Started clients: 1
TpTrace Information: 0 : 39580, 1, 2023/05/21, 19:35:44.767, 1867371487376, vstest.console.dll, TestRunRequest.ExecuteAsync: Started.
TpTrace Verbose: 0 : 39580, 1, 2023/05/21, 19:35:44.767, 1867371490131, vstest.console.dll, TestRunRequest.WaitForCompletion: Waiting with timeout -1.
TpTrace Verbose: 0 : 39580, 8, 2023/05/21, 19:35:44.767, 1867371491117, vstest.console.dll, TestRunRequest:SendTestRunMessage: Starting.
TpTrace Verbose: 0 : 39580, 8, 2023/05/21, 19:35:44.767, 1867371493374, vstest.console.dll, MulticastDelegateUtilities.SafeInvoke: TestRun.LogMessages: Invoking callback 1/1 for Microsoft.VisualStudio.TestPlatform.CommandLine.TestRunResultAggregator., took 0 ms.
TpTrace Information: 0 : 39580, 8, 2023/05/21, 19:35:44.767, 1867371494064, vstest.console.dll, TestRunRequest:SendTestRunMessage: Completed.
TpTrace Verbose: 0 : 39580, 4, 2023/05/21, 19:35:44.767, 1867371496211, vstest.console.dll, MulticastDelegateUtilities.SafeInvoke: InternalTestLoggerEvents.SendTestRunMessage: Invoking callback 1/1 for Microsoft.VisualStudio.TestPlatform.CommandLine.Internal.ConsoleLogger., took 0 ms.
TpTrace Verbose: 0 : 39580, 8, 2023/05/21, 19:35:44.767, 1867371496713, vstest.console.dll, ProxyExecutionManager: Test host is always Lazy initialize.
TpTrace Verbose: 0 : 39580, 8, 2023/05/21, 19:35:44.768, 1867371501480, vstest.console.dll, TestRequestSender.InitializeCommunication: initialize communication. 
TpTrace Information: 0 : 39580, 8, 2023/05/21, 19:35:44.769, 1867371508355, vstest.console.dll, SocketServer.Start: Listening on endpoint : 127.0.0.1:62362
TpTrace Verbose: 0 : 39580, 8, 2023/05/21, 19:35:44.770, 1867371519875, vstest.console.dll, DotnetTestHostmanager.GetTestHostProcessStartInfo: Platform environment 'X64' target architecture 'X64' framework '.NETCoreApp,Version=v6.0' OS 'Windows'
TpTrace Verbose: 0 : 39580, 8, 2023/05/21, 19:35:44.770, 1867371523370, vstest.console.dll, DotnetTestHostmanager: Adding  --runtimeconfig "C:\Users\AliRaid\source\reposESGI\CSharpBankccount\BankAccount\BankAccount.Test.Bll\bin\Debug\net6.0\fine-code-coverage\build-output\BankAccount.Test.Bll.runtimeconfig.json" in args
TpTrace Verbose: 0 : 39580, 8, 2023/05/21, 19:35:44.770, 1867371525264, vstest.console.dll, DotnetTestHostmanager: Adding  --depsfile "C:\Users\AliRaid\source\reposESGI\CSharpBankccount\BankAccount\BankAccount.Test.Bll\bin\Debug\net6.0\fine-code-coverage\build-output\BankAccount.Test.Bll.deps.json" in args
TpTrace Verbose: 0 : 39580, 8, 2023/05/21, 19:35:44.771, 1867371527642, vstest.console.dll, DotnetTestHostmanager.IsWinOnArm: Current PROCESSOR_ARCHITECTURE from environment variable 'AMD64'
TpTrace Verbose: 0 : 39580, 8, 2023/05/21, 19:35:44.771, 1867371528600, vstest.console.dll, DotnetTestHostmanager.IsWinOnArm: Is Windows on ARM 'False'
TpTrace Verbose: 0 : 39580, 8, 2023/05/21, 19:35:44.771, 1867371530181, vstest.console.dll, DotnetTestHostManager: testhost.exe found at path: C:\Users\AliRaid\source\reposESGI\CSharpBankccount\BankAccount\BankAccount.Test.Bll\bin\Debug\net6.0\fine-code-coverage\build-output\testhost.exe
TpTrace Verbose: 0 : 39580, 8, 2023/05/21, 19:35:44.771, 1867371530939, vstest.console.dll, DotnetTestHostmanager: Full path of host exe is C:\Users\AliRaid\source\reposESGI\CSharpBankccount\BankAccount\BankAccount.Test.Bll\bin\Debug\net6.0\fine-code-coverage\build-output\testhost.exe
TpTrace Verbose: 0 : 39580, 8, 2023/05/21, 19:35:44.771, 1867371532985, vstest.console.dll, DotnetTestHostmanager.LaunchTestHostAsync: Found 'VSTEST_WINAPPHOST_DOTNET_ROOT' in env variables, value 'C:\Program Files\dotnet', forwarding to 'DOTNET_ROOT'
TpTrace Verbose: 0 : 39580, 8, 2023/05/21, 19:35:44.771, 1867371535497, vstest.console.dll, DotnetTestHostManager: Starting process 'C:\Users\AliRaid\source\reposESGI\CSharpBankccount\BankAccount\BankAccount.Test.Bll\bin\Debug\net6.0\fine-code-coverage\build-output\testhost.exe' with command line ' --runtimeconfig "C:\Users\AliRaid\source\reposESGI\CSharpBankccount\BankAccount\BankAccount.Test.Bll\bin\Debug\net6.0\fine-code-coverage\build-output\BankAccount.Test.Bll.runtimeconfig.json" --depsfile "C:\Users\AliRaid\source\reposESGI\CSharpBankccount\BankAccount\BankAccount.Test.Bll\bin\Debug\net6.0\fine-code-coverage\build-output\BankAccount.Test.Bll.deps.json" --port 62362 --endpoint 127.0.0.1:062362 --role client --parentprocessid 39580 --diag "C:\Users\AliRaid\source\reposESGI\CSharpBankccount\BankAccount\BankAccount.Test.Bll\bin\Debug\net6.0\fine-code-coverage\coverage-tool-output\diagnostics.host.23-05-21_19-35-44_76978_8.log" --tracelevel 4 --datacollectionport 62361 --telemetryoptedin false'
TpTrace Verbose: 0 : 39580, 8, 2023/05/21, 19:35:44.782, 1867371637174, vstest.console.dll, MulticastDelegateUtilities.SafeInvoke: HostProviderEvents.OnHostLaunched: Invoking callback 1/2 for Microsoft.VisualStudio.TestPlatform.CrossPlatEngine.Client.ProxyExecutionManagerWithDataCollection., took 1 ms.
TpTrace Verbose: 0 : 39580, 8, 2023/05/21, 19:35:44.782, 1867371640965, vstest.console.dll, Test Runtime launched
TpTrace Verbose: 0 : 39580, 8, 2023/05/21, 19:35:44.782, 1867371642055, vstest.console.dll, MulticastDelegateUtilities.SafeInvoke: HostProviderEvents.OnHostLaunched: Invoking callback 2/2 for Microsoft.VisualStudio.TestPlatform.CrossPlatEngine.Client.ProxyOperationManager., took 0 ms.
TpTrace Verbose: 0 : 39580, 8, 2023/05/21, 19:35:44.782, 1867371644419, vstest.console.dll, TestRequestSender.WaitForRequestHandlerConnection: waiting for connection with timeout: 90000.
TpTrace Verbose: 0 : 39580, 8, 2023/05/21, 19:35:45.061, 1867374427129, vstest.console.dll, TestRequestSender.WaitForRequestHandlerConnection: waiting took 278 ms, with timeout 90000 ms, and result 0, which is success.
TpTrace Verbose: 0 : 39580, 11, 2023/05/21, 19:35:45.061, 1867374427132, vstest.console.dll, MulticastDelegateUtilities.SafeInvoke: SocketServer: ClientConnected: Invoking callback 1/1 for Microsoft.VisualStudio.TestPlatform.CommunicationUtilities.TestRequestSender., took 0 ms.
TpTrace Verbose: 0 : 39580, 11, 2023/05/21, 19:35:45.061, 1867374429590, vstest.console.dll, SocketServer.OnClientConnected: Client connected for endPoint: 127.0.0.1:62362, starting MessageLoopAsync:
TpTrace Verbose: 0 : 39580, 14, 2023/05/21, 19:35:45.061, 1867374435339, vstest.console.dll, TcpClientExtensions.MessageLoopAsync: Polling on remoteEndPoint: 127.0.0.1:62365 localEndPoint: 127.0.0.1:62362
TpTrace Verbose: 0 : 39580, 8, 2023/05/21, 19:35:45.062, 1867374441310, vstest.console.dll, TestRequestSender.CheckVersionWithTestHost: Sending check version message: {"MessageType":"ProtocolVersion","Payload":7}
TpTrace Verbose: 0 : 39580, 14, 2023/05/21, 19:35:45.241, 1867376228065, vstest.console.dll, TcpClientExtensions.MessageLoopAsync: NotifyDataAvailable remoteEndPoint: 127.0.0.1:62365 localEndPoint: 127.0.0.1:62362
TpTrace Verbose: 0 : 39580, 14, 2023/05/21, 19:35:45.241, 1867376230838, vstest.console.dll, TestRequestSender.CheckVersionWithTestHost: onMessageReceived received message: (ProtocolVersion) -> {"MessageType":"ProtocolVersion","Payload":7}
TpTrace Verbose: 0 : 39580, 14, 2023/05/21, 19:35:45.242, 1867376239011, vstest.console.dll, MulticastDelegateUtilities.SafeInvoke: LengthPrefixCommunicationChannel: MessageReceived: Invoking callback 1/1 for Microsoft.VisualStudio.TestPlatform.CommunicationUtilities.TestRequestSender+<>c__DisplayClass26_0., took 0 ms.
TpTrace Verbose: 0 : 39580, 8, 2023/05/21, 19:35:45.242, 1867376240320, vstest.console.dll, TestPluginCache.GetExtensionPaths: Filtered extension paths: 
TpTrace Verbose: 0 : 39580, 8, 2023/05/21, 19:35:45.242, 1867376241458, vstest.console.dll, TestPluginCache.GetExtensionPaths: Added default extension paths: C:\Program Files\dotnet\sdk\7.0.102\Extensions\Microsoft.Diagnostics.NETCore.Client.dll
C:\Program Files\dotnet\sdk\7.0.102\Extensions\Microsoft.TestPlatform.Extensions.BlameDataCollector.dll
C:\Program Files\dotnet\sdk\7.0.102\Extensions\Microsoft.TestPlatform.Extensions.EventLogCollector.dll
C:\Program Files\dotnet\sdk\7.0.102\Extensions\Microsoft.TestPlatform.TestHostRuntimeProvider.dll
C:\Program Files\dotnet\sdk\7.0.102\Extensions\Microsoft.VisualStudio.TestPlatform.Extensions.Html.TestLogger.dll
C:\Program Files\dotnet\sdk\7.0.102\Extensions\Microsoft.VisualStudio.TestPlatform.Extensions.Trx.TestLogger.dll
TpTrace Verbose: 0 : 39580, 14, 2023/05/21, 19:35:45.242, 1867376240657, vstest.console.dll, TcpClientExtensions.MessageLoopAsync: Polling on remoteEndPoint: 127.0.0.1:62365 localEndPoint: 127.0.0.1:62362
TpTrace Verbose: 0 : 39580, 8, 2023/05/21, 19:35:45.242, 1867376242153, vstest.console.dll, TestPluginCache.GetExtensionPaths: Added unfilterableExtensionPaths: 
TpTrace Verbose: 0 : 39580, 8, 2023/05/21, 19:35:45.248, 1867376304590, vstest.console.dll, TestRequestSender.InitializeExecution: Sending initialize execution with message: {"Version":7,"MessageType":"TestExecution.Initialize","Payload":["C:\\Users\\AliRaid\\source\\reposESGI\\CSharpBankccount\\BankAccount\\BankAccount.Test.Bll\\bin\\Debug\\net6.0\\fine-code-coverage\\build-output\\xunit.runner.visualstudio.dotnetcore.testadapter.dll"]}
TpTrace Verbose: 0 : 39580, 14, 2023/05/21, 19:35:45.249, 1867376307022, vstest.console.dll, TcpClientExtensions.MessageLoopAsync: NotifyDataAvailable remoteEndPoint: 127.0.0.1:62365 localEndPoint: 127.0.0.1:62362
TpTrace Verbose: 0 : 39580, 14, 2023/05/21, 19:35:45.249, 1867376309502, vstest.console.dll, LengthPrefixCommunicationChannel.NotifyDataAvailable: New data are waiting to be received, but there is no subscriber to be notified. Not reading them from the stream.
TpTrace Verbose: 0 : 39580, 14, 2023/05/21, 19:35:45.249, 1867376310644, vstest.console.dll, TcpClientExtensions.MessageLoopAsync: Polling on remoteEndPoint: 127.0.0.1:62365 localEndPoint: 127.0.0.1:62362
TpTrace Verbose: 0 : 39580, 14, 2023/05/21, 19:35:45.249, 1867376311864, vstest.console.dll, TcpClientExtensions.MessageLoopAsync: NotifyDataAvailable remoteEndPoint: 127.0.0.1:62365 localEndPoint: 127.0.0.1:62362
TpTrace Verbose: 0 : 39580, 14, 2023/05/21, 19:35:45.249, 1867376312643, vstest.console.dll, LengthPrefixCommunicationChannel.NotifyDataAvailable: New data are waiting to be received, but there is no subscriber to be notified. Not reading them from the stream.
TpTrace Warning: 0 : 39580, 8, 2023/05/21, 19:35:45.249, 1867376312688, vstest.console.dll, InferRunSettingsHelper.MakeRunsettingsCompatible: Removing the following settings: TargetPlatform from RunSettings file. To use those settings please move to latest version of Microsoft.NET.Test.Sdk
TpTrace Verbose: 0 : 39580, 14, 2023/05/21, 19:35:45.249, 1867376314762, vstest.console.dll, TcpClientExtensions.MessageLoopAsync: Polling on remoteEndPoint: 127.0.0.1:62365 localEndPoint: 127.0.0.1:62362
TpTrace Verbose: 0 : 39580, 14, 2023/05/21, 19:35:45.250, 1867376317014, vstest.console.dll, TcpClientExtensions.MessageLoopAsync: NotifyDataAvailable remoteEndPoint: 127.0.0.1:62365 localEndPoint: 127.0.0.1:62362
TpTrace Verbose: 0 : 39580, 14, 2023/05/21, 19:35:45.250, 1867376317620, vstest.console.dll, LengthPrefixCommunicationChannel.NotifyDataAvailable: New data are waiting to be received, but there is no subscriber to be notified. Not reading them from the stream.
TpTrace Verbose: 0 : 39580, 14, 2023/05/21, 19:35:45.250, 1867376318120, vstest.console.dll, TcpClientExtensions.MessageLoopAsync: Polling on remoteEndPoint: 127.0.0.1:62365 localEndPoint: 127.0.0.1:62362
TpTrace Verbose: 0 : 39580, 14, 2023/05/21, 19:35:45.250, 1867376319074, vstest.console.dll, TcpClientExtensions.MessageLoopAsync: NotifyDataAvailable remoteEndPoint: 127.0.0.1:62365 localEndPoint: 127.0.0.1:62362
TpTrace Verbose: 0 : 39580, 14, 2023/05/21, 19:35:45.250, 1867376319797, vstest.console.dll, LengthPrefixCommunicationChannel.NotifyDataAvailable: New data are waiting to be received, but there is no subscriber to be notified. Not reading them from the stream.
TpTrace Verbose: 0 : 39580, 14, 2023/05/21, 19:35:45.250, 1867376320261, vstest.console.dll, TcpClientExtensions.MessageLoopAsync: Polling on remoteEndPoint: 127.0.0.1:62365 localEndPoint: 127.0.0.1:62362
TpTrace Verbose: 0 : 39580, 14, 2023/05/21, 19:35:45.250, 1867376320757, vstest.console.dll, TcpClientExtensions.MessageLoopAsync: NotifyDataAvailable remoteEndPoint: 127.0.0.1:62365 localEndPoint: 127.0.0.1:62362
TpTrace Verbose: 0 : 39580, 14, 2023/05/21, 19:35:45.250, 1867376321252, vstest.console.dll, LengthPrefixCommunicationChannel.NotifyDataAvailable: New data are waiting to be received, but there is no subscriber to be notified. Not reading them from the stream.
TpTrace Verbose: 0 : 39580, 14, 2023/05/21, 19:35:45.250, 1867376321710, vstest.console.dll, TcpClientExtensions.MessageLoopAsync: Polling on remoteEndPoint: 127.0.0.1:62365 localEndPoint: 127.0.0.1:62362
TpTrace Verbose: 0 : 39580, 14, 2023/05/21, 19:35:45.250, 1867376322321, vstest.console.dll, TcpClientExtensions.MessageLoopAsync: NotifyDataAvailable remoteEndPoint: 127.0.0.1:62365 localEndPoint: 127.0.0.1:62362
TpTrace Verbose: 0 : 39580, 14, 2023/05/21, 19:35:45.250, 1867376326292, vstest.console.dll, TestRequestSender.OnExecutionMessageReceived: Received message: {"Version":7,"MessageType":"TestSession.Message","Payload":{"MessageLevel":0,"Message":"Logging TestHost Diagnostics in file: C:\\Users\\AliRaid\\source\\reposESGI\\CSharpBankccount\\BankAccount\\BankAccount.Test.Bll\\bin\\Debug\\net6.0\\fine-code-coverage\\coverage-tool-output\\diagnostics.host.23-05-21_19-35-44_76978_8.log"}}
TpTrace Verbose: 0 : 39580, 14, 2023/05/21, 19:35:45.255, 1867376370010, vstest.console.dll, TestRunRequest:SendTestRunMessage: Starting.
TpTrace Verbose: 0 : 39580, 14, 2023/05/21, 19:35:45.255, 1867376372620, vstest.console.dll, MulticastDelegateUtilities.SafeInvoke: TestRun.LogMessages: Invoking callback 1/1 for Microsoft.VisualStudio.TestPlatform.CommandLine.TestRunResultAggregator., took 0 ms.
TpTrace Information: 0 : 39580, 14, 2023/05/21, 19:35:45.255, 1867376373398, vstest.console.dll, TestRunRequest:SendTestRunMessage: Completed.
TpTrace Verbose: 0 : 39580, 14, 2023/05/21, 19:35:45.255, 1867376374112, vstest.console.dll, MulticastDelegateUtilities.SafeInvoke: LengthPrefixCommunicationChannel: MessageReceived: Invoking callback 1/1 for Microsoft.VisualStudio.TestPlatform.CommunicationUtilities.TestRequestSender+<>c__DisplayClass31_0., took 5 ms.
TpTrace Verbose: 0 : 39580, 4, 2023/05/21, 19:35:45.255, 1867376373325, vstest.console.dll, MulticastDelegateUtilities.SafeInvoke: InternalTestLoggerEvents.SendTestRunMessage: Invoking callback 1/1 for Microsoft.VisualStudio.TestPlatform.CommandLine.Internal.ConsoleLogger., took 0 ms.
TpTrace Verbose: 0 : 39580, 14, 2023/05/21, 19:35:45.255, 1867376374807, vstest.console.dll, TcpClientExtensions.MessageLoopAsync: Polling on remoteEndPoint: 127.0.0.1:62365 localEndPoint: 127.0.0.1:62362
TpTrace Verbose: 0 : 39580, 8, 2023/05/21, 19:35:45.265, 1867376474305, vstest.console.dll, TestRequestSender.StartTestRun: Sending test run with message: {"Version":7,"MessageType":"TestExecution.StartWithSources","Payload":{"AdapterSourceMap":{"_none_":["C:\\Users\\AliRaid\\source\\reposESGI\\CSharpBankccount\\BankAccount\\BankAccount.Test.Bll\\bin\\Debug\\net6.0\\fine-code-coverage\\build-output\\BankAccount.Test.Bll.dll"]},"RunSettings":"<RunSettings>\r\n  <RunConfiguration>\r\n    <ResultsDirectory>C:\\Users\\AliRaid\\source\\reposESGI\\CSharpBankccount\\BankAccount\\BankAccount.Test.Bll\\bin\\Debug\\net6.0\\fine-code-coverage\\coverage-tool-output</ResultsDirectory>\r\n    <TargetFrameworkVersion>.NETCoreApp,Version=v6.0</TargetFrameworkVersion>\r\n    <DesignMode>False</DesignMode>\r\n    <CollectSourceInformation>False</CollectSourceInformation>\r\n  </RunConfiguration>\r\n  <LoggerRunSettings>\r\n    <Loggers>\r\n      <Logger friendlyName=\"blame\" enabled=\"True\" />\r\n      <Logger friendlyName=\"Console\" uri=\"logger://microsoft/TestPlatform/ConsoleLogger/v1\" assemblyQualifiedName=\"Microsoft.VisualStudio.TestPlatform.CommandLine.Internal.ConsoleLogger, vstest.console, Version=15.0.0.0, Culture=neutral, PublicKeyToken=b03f5f7f11d50a3a\" codeBase=\"C:\\Program Files\\dotnet\\sdk\\7.0.102\\vstest.console.dll\" enabled=\"True\" />\r\n    </Loggers>\r\n  </LoggerRunSettings>\r\n  <DataCollectionRunSettings>\r\n    <DataCollectors>\r\n      <DataCollector friendlyName=\"blame\" enabled=\"True\">\r\n        <Configuration>\r\n          <ResultsDirectory>C:\\Users\\AliRaid\\source\\reposESGI\\CSharpBankccount\\BankAccount\\BankAccount.Test.Bll\\bin\\Debug\\net6.0\\fine-code-coverage\\coverage-tool-output</ResultsDirectory>\r\n        </Configuration>\r\n      </DataCollector>\r\n    </DataCollectors>\r\n  </DataCollectionRunSettings>\r\n</RunSettings>","TestExecutionContext":{"FrequencyOfRunStatsChangeEvent":10,"RunStatsChangeEventTimeout":"00:00:01.5000000","InIsolation":false,"KeepAlive":false,"AreTestCaseLevelEventsRequired":false,"IsDebug":false,"TestCaseFilter":null,"FilterOptions":null},"Package":null}}
TpTrace Verbose: 0 : 39580, 14, 2023/05/21, 19:35:45.498, 1867378799170, vstest.console.dll, TcpClientExtensions.MessageLoopAsync: NotifyDataAvailable remoteEndPoint: 127.0.0.1:62365 localEndPoint: 127.0.0.1:62362
TpTrace Verbose: 0 : 39580, 14, 2023/05/21, 19:35:45.498, 1867378801525, vstest.console.dll, TestRequestSender.OnExecutionMessageReceived: Received message: {"Version":7,"MessageType":"TestSession.Message","Payload":{"MessageLevel":0,"Message":"[xUnit.net 00:00:00.00] xUnit.net VSTest Adapter v2.4.5+1caef2f33e (64-bit .NET 6.0.16)"}}
TpTrace Verbose: 0 : 39580, 14, 2023/05/21, 19:35:45.498, 1867378805148, vstest.console.dll, TestRunRequest:SendTestRunMessage: Starting.
TpTrace Verbose: 0 : 39580, 14, 2023/05/21, 19:35:45.498, 1867378806348, vstest.console.dll, MulticastDelegateUtilities.SafeInvoke: TestRun.LogMessages: Invoking callback 1/1 for Microsoft.VisualStudio.TestPlatform.CommandLine.TestRunResultAggregator., took 0 ms.
TpTrace Verbose: 0 : 39580, 4, 2023/05/21, 19:35:45.498, 1867378806590, vstest.console.dll, MulticastDelegateUtilities.SafeInvoke: InternalTestLoggerEvents.SendTestRunMessage: Invoking callback 1/1 for Microsoft.VisualStudio.TestPlatform.CommandLine.Internal.ConsoleLogger., took 0 ms.
TpTrace Information: 0 : 39580, 14, 2023/05/21, 19:35:45.499, 1867378807165, vstest.console.dll, TestRunRequest:SendTestRunMessage: Completed.
TpTrace Verbose: 0 : 39580, 14, 2023/05/21, 19:35:45.499, 1867378808858, vstest.console.dll, MulticastDelegateUtilities.SafeInvoke: LengthPrefixCommunicationChannel: MessageReceived: Invoking callback 1/1 for Microsoft.VisualStudio.TestPlatform.CommunicationUtilities.TestRequestSender+<>c__DisplayClass31_0., took 0 ms.
TpTrace Verbose: 0 : 39580, 14, 2023/05/21, 19:35:45.499, 1867378809840, vstest.console.dll, TcpClientExtensions.MessageLoopAsync: Polling on remoteEndPoint: 127.0.0.1:62365 localEndPoint: 127.0.0.1:62362
TpTrace Verbose: 0 : 39580, 14, 2023/05/21, 19:35:46.504, 1867388857269, vstest.console.dll, TcpClientExtensions.MessageLoopAsync: Polling on remoteEndPoint: 127.0.0.1:62365 localEndPoint: 127.0.0.1:62362
TpTrace Verbose: 0 : 39580, 14, 2023/05/21, 19:35:47.308, 1867396902723, vstest.console.dll, TcpClientExtensions.MessageLoopAsync: NotifyDataAvailable remoteEndPoint: 127.0.0.1:62365 localEndPoint: 127.0.0.1:62362
TpTrace Verbose: 0 : 39580, 14, 2023/05/21, 19:35:47.308, 1867396904700, vstest.console.dll, TestRequestSender.OnExecutionMessageReceived: Received message: {"Version":7,"MessageType":"TestSession.Message","Payload":{"MessageLevel":0,"Message":"[xUnit.net 00:00:01.81]   Discovering: BankAccount.Test.Bll"}}
TpTrace Verbose: 0 : 39580, 14, 2023/05/21, 19:35:47.309, 1867396906858, vstest.console.dll, TestRunRequest:SendTestRunMessage: Starting.
TpTrace Verbose: 0 : 39580, 14, 2023/05/21, 19:35:47.309, 1867396907714, vstest.console.dll, MulticastDelegateUtilities.SafeInvoke: TestRun.LogMessages: Invoking callback 1/1 for Microsoft.VisualStudio.TestPlatform.CommandLine.TestRunResultAggregator., took 0 ms.
TpTrace Information: 0 : 39580, 14, 2023/05/21, 19:35:47.309, 1867396908148, vstest.console.dll, TestRunRequest:SendTestRunMessage: Completed.
TpTrace Verbose: 0 : 39580, 4, 2023/05/21, 19:35:47.309, 1867396908288, vstest.console.dll, MulticastDelegateUtilities.SafeInvoke: InternalTestLoggerEvents.SendTestRunMessage: Invoking callback 1/1 for Microsoft.VisualStudio.TestPlatform.CommandLine.Internal.ConsoleLogger., took 0 ms.
TpTrace Verbose: 0 : 39580, 14, 2023/05/21, 19:35:47.309, 1867396908828, vstest.console.dll, MulticastDelegateUtilities.SafeInvoke: LengthPrefixCommunicationChannel: MessageReceived: Invoking callback 1/1 for Microsoft.VisualStudio.TestPlatform.CommunicationUtilities.TestRequestSender+<>c__DisplayClass31_0., took 0 ms.
TpTrace Verbose: 0 : 39580, 14, 2023/05/21, 19:35:47.309, 1867396910750, vstest.console.dll, TcpClientExtensions.MessageLoopAsync: Polling on remoteEndPoint: 127.0.0.1:62365 localEndPoint: 127.0.0.1:62362
TpTrace Verbose: 0 : 39580, 14, 2023/05/21, 19:35:47.370, 1867397521325, vstest.console.dll, TcpClientExtensions.MessageLoopAsync: NotifyDataAvailable remoteEndPoint: 127.0.0.1:62365 localEndPoint: 127.0.0.1:62362
TpTrace Verbose: 0 : 39580, 14, 2023/05/21, 19:35:47.370, 1867397524132, vstest.console.dll, TestRequestSender.OnExecutionMessageReceived: Received message: {"Version":7,"MessageType":"TestSession.Message","Payload":{"MessageLevel":0,"Message":"[xUnit.net 00:00:01.87]   Discovered:  BankAccount.Test.Bll"}}
TpTrace Verbose: 0 : 39580, 14, 2023/05/21, 19:35:47.370, 1867397525898, vstest.console.dll, TestRunRequest:SendTestRunMessage: Starting.
TpTrace Verbose: 0 : 39580, 14, 2023/05/21, 19:35:47.371, 1867397527099, vstest.console.dll, MulticastDelegateUtilities.SafeInvoke: TestRun.LogMessages: Invoking callback 1/1 for Microsoft.VisualStudio.TestPlatform.CommandLine.TestRunResultAggregator., took 0 ms.
TpTrace Verbose: 0 : 39580, 4, 2023/05/21, 19:35:47.371, 1867397527505, vstest.console.dll, MulticastDelegateUtilities.SafeInvoke: InternalTestLoggerEvents.SendTestRunMessage: Invoking callback 1/1 for Microsoft.VisualStudio.TestPlatform.CommandLine.Internal.ConsoleLogger., took 0 ms.
TpTrace Information: 0 : 39580, 14, 2023/05/21, 19:35:47.371, 1867397527727, vstest.console.dll, TestRunRequest:SendTestRunMessage: Completed.
TpTrace Verbose: 0 : 39580, 14, 2023/05/21, 19:35:47.371, 1867397529778, vstest.console.dll, MulticastDelegateUtilities.SafeInvoke: LengthPrefixCommunicationChannel: MessageReceived: Invoking callback 1/1 for Microsoft.VisualStudio.TestPlatform.CommunicationUtilities.TestRequestSender+<>c__DisplayClass31_0., took 0 ms.
TpTrace Verbose: 0 : 39580, 14, 2023/05/21, 19:35:47.371, 1867397530478, vstest.console.dll, TcpClientExtensions.MessageLoopAsync: Polling on remoteEndPoint: 127.0.0.1:62365 localEndPoint: 127.0.0.1:62362
TpTrace Verbose: 0 : 39580, 14, 2023/05/21, 19:35:47.375, 1867397567873, vstest.console.dll, TcpClientExtensions.MessageLoopAsync: NotifyDataAvailable remoteEndPoint: 127.0.0.1:62365 localEndPoint: 127.0.0.1:62362
TpTrace Verbose: 0 : 39580, 14, 2023/05/21, 19:35:47.375, 1867397569722, vstest.console.dll, TestRequestSender.OnExecutionMessageReceived: Received message: {"Version":7,"MessageType":"TestSession.Message","Payload":{"MessageLevel":0,"Message":"[xUnit.net 00:00:01.88]   Starting:    BankAccount.Test.Bll"}}
TpTrace Verbose: 0 : 39580, 14, 2023/05/21, 19:35:47.375, 1867397571725, vstest.console.dll, TestRunRequest:SendTestRunMessage: Starting.
TpTrace Verbose: 0 : 39580, 14, 2023/05/21, 19:35:47.375, 1867397572796, vstest.console.dll, MulticastDelegateUtilities.SafeInvoke: TestRun.LogMessages: Invoking callback 1/1 for Microsoft.VisualStudio.TestPlatform.CommandLine.TestRunResultAggregator., took 0 ms.
TpTrace Information: 0 : 39580, 14, 2023/05/21, 19:35:47.375, 1867397573638, vstest.console.dll, TestRunRequest:SendTestRunMessage: Completed.
TpTrace Verbose: 0 : 39580, 4, 2023/05/21, 19:35:47.375, 1867397573304, vstest.console.dll, MulticastDelegateUtilities.SafeInvoke: InternalTestLoggerEvents.SendTestRunMessage: Invoking callback 1/1 for Microsoft.VisualStudio.TestPlatform.CommandLine.Internal.ConsoleLogger., took 0 ms.
TpTrace Verbose: 0 : 39580, 14, 2023/05/21, 19:35:47.375, 1867397574710, vstest.console.dll, MulticastDelegateUtilities.SafeInvoke: LengthPrefixCommunicationChannel: MessageReceived: Invoking callback 1/1 for Microsoft.VisualStudio.TestPlatform.CommunicationUtilities.TestRequestSender+<>c__DisplayClass31_0., took 0 ms.
TpTrace Verbose: 0 : 39580, 14, 2023/05/21, 19:35:47.375, 1867397576275, vstest.console.dll, TcpClientExtensions.MessageLoopAsync: Polling on remoteEndPoint: 127.0.0.1:62365 localEndPoint: 127.0.0.1:62362
TpTrace Verbose: 0 : 39580, 14, 2023/05/21, 19:35:47.549, 1867399314009, vstest.console.dll, TcpClientExtensions.MessageLoopAsync: NotifyDataAvailable remoteEndPoint: 127.0.0.1:62365 localEndPoint: 127.0.0.1:62362
TpTrace Verbose: 0 : 39580, 14, 2023/05/21, 19:35:47.550, 1867399316838, vstest.console.dll, TestRequestSender.OnExecutionMessageReceived: Received message: {"Version":7,"MessageType":"TestExecution.StatsChange","Payload":{"NewTestResults":[],"TestRunStatistics":{"ExecutedTests":0,"Stats":{}},"ActiveTests":[{"Id":"32873b13-8376-fa78-9c70-4b9fdc71125b","FullyQualifiedName":"BankAccount.Test.Bll.TestBllAccountService.TestCreateAccount_GivenReferenceAlreadyExists_ReturnException","DisplayName":"BankAccount.Test.Bll.TestBllAccountService.TestCreateAccount_GivenReferenceAlreadyExists_ReturnException","ExecutorUri":"executor://xunit/VsTestRunner2/netcoreapp","Source":"C:\\Users\\AliRaid\\source\\reposESGI\\CSharpBankccount\\BankAccount\\BankAccount.Test.Bll\\bin\\Debug\\net6.0\\fine-code-coverage\\build-output\\BankAccount.Test.Bll.dll","CodeFilePath":null,"LineNumber":0,"Properties":[]}]}}
TpTrace Verbose: 0 : 39580, 14, 2023/05/21, 19:35:47.592, 1867399743012, vstest.console.dll, TestRunRequest:SendTestRunStatsChange: Starting.
TpTrace Verbose: 0 : 39580, 14, 2023/05/21, 19:35:47.593, 1867399747117, vstest.console.dll, InProgress is BankAccount.Test.Bll.TestBllAccountService.TestCreateAccount_GivenReferenceAlreadyExists_ReturnException
TpTrace Verbose: 0 : 39580, 14, 2023/05/21, 19:35:47.593, 1867399748990, vstest.console.dll, MulticastDelegateUtilities.SafeInvoke: TestRun.RunStatsChanged: Invoking callbacks was skipped because there are no subscribers.
TpTrace Information: 0 : 39580, 14, 2023/05/21, 19:35:47.593, 1867399749519, vstest.console.dll, TestRunRequest:SendTestRunStatsChange: Completed.
TpTrace Verbose: 0 : 39580, 14, 2023/05/21, 19:35:47.593, 1867399750128, vstest.console.dll, MulticastDelegateUtilities.SafeInvoke: LengthPrefixCommunicationChannel: MessageReceived: Invoking callback 1/1 for Microsoft.VisualStudio.TestPlatform.CommunicationUtilities.TestRequestSender+<>c__DisplayClass31_0., took 43 ms.
TpTrace Verbose: 0 : 39580, 14, 2023/05/21, 19:35:47.593, 1867399750679, vstest.console.dll, TcpClientExtensions.MessageLoopAsync: Polling on remoteEndPoint: 127.0.0.1:62365 localEndPoint: 127.0.0.1:62362
TpTrace Verbose: 0 : 39580, 14, 2023/05/21, 19:35:47.750, 1867401326175, vstest.console.dll, TcpClientExtensions.MessageLoopAsync: NotifyDataAvailable remoteEndPoint: 127.0.0.1:62365 localEndPoint: 127.0.0.1:62362
TpTrace Verbose: 0 : 39580, 14, 2023/05/21, 19:35:47.751, 1867401328240, vstest.console.dll, TestRequestSender.OnExecutionMessageReceived: Received message: {"Version":7,"MessageType":"TestSession.Message","Payload":{"MessageLevel":2,"Message":"[xUnit.net 00:00:02.25]     BankAccount.Test.Bll.TestBllAccountService.TestCreditOrDebitAccount_GivenExceptionFromDb_ReturnObjectWithError [FAIL]"}}
TpTrace Verbose: 0 : 39580, 14, 2023/05/21, 19:35:47.751, 1867401329675, vstest.console.dll, TestRunRequest:SendTestRunMessage: Starting.
TpTrace Verbose: 0 : 39580, 14, 2023/05/21, 19:35:47.751, 1867401330566, vstest.console.dll, MulticastDelegateUtilities.SafeInvoke: TestRun.LogMessages: Invoking callback 1/1 for Microsoft.VisualStudio.TestPlatform.CommandLine.TestRunResultAggregator., took 0 ms.
TpTrace Information: 0 : 39580, 14, 2023/05/21, 19:35:47.751, 1867401331034, vstest.console.dll, TestRunRequest:SendTestRunMessage: Completed.
TpTrace Verbose: 0 : 39580, 14, 2023/05/21, 19:35:47.751, 1867401331501, vstest.console.dll, MulticastDelegateUtilities.SafeInvoke: LengthPrefixCommunicationChannel: MessageReceived: Invoking callback 1/1 for Microsoft.VisualStudio.TestPlatform.CommunicationUtilities.TestRequestSender+<>c__DisplayClass31_0., took 0 ms.
TpTrace Verbose: 0 : 39580, 14, 2023/05/21, 19:35:47.751, 1867401331948, vstest.console.dll, TcpClientExtensions.MessageLoopAsync: Polling on remoteEndPoint: 127.0.0.1:62365 localEndPoint: 127.0.0.1:62362
TpTrace Verbose: 0 : 39580, 4, 2023/05/21, 19:35:47.751, 1867401332878, vstest.console.dll, MulticastDelegateUtilities.SafeInvoke: InternalTestLoggerEvents.SendTestRunMessage: Invoking callback 1/1 for Microsoft.VisualStudio.TestPlatform.CommandLine.Internal.ConsoleLogger., took 0 ms.
TpTrace Verbose: 0 : 39580, 14, 2023/05/21, 19:35:47.752, 1867401340743, vstest.console.dll, TcpClientExtensions.MessageLoopAsync: NotifyDataAvailable remoteEndPoint: 127.0.0.1:62365 localEndPoint: 127.0.0.1:62362
TpTrace Verbose: 0 : 39580, 14, 2023/05/21, 19:35:47.752, 1867401342048, vstest.console.dll, TestRequestSender.OnExecutionMessageReceived: Received message: {"Version":7,"MessageType":"TestSession.Message","Payload":{"MessageLevel":0,"Message":"[xUnit.net 00:00:02.26]       Assert.False() Failure"}}
TpTrace Verbose: 0 : 39580, 14, 2023/05/21, 19:35:47.752, 1867401343795, vstest.console.dll, TestRunRequest:SendTestRunMessage: Starting.
TpTrace Verbose: 0 : 39580, 14, 2023/05/21, 19:35:47.752, 1867401344748, vstest.console.dll, MulticastDelegateUtilities.SafeInvoke: TestRun.LogMessages: Invoking callback 1/1 for Microsoft.VisualStudio.TestPlatform.CommandLine.TestRunResultAggregator., took 0 ms.
TpTrace Verbose: 0 : 39580, 4, 2023/05/21, 19:35:47.752, 1867401344880, vstest.console.dll, MulticastDelegateUtilities.SafeInvoke: InternalTestLoggerEvents.SendTestRunMessage: Invoking callback 1/1 for Microsoft.VisualStudio.TestPlatform.CommandLine.Internal.ConsoleLogger., took 0 ms.
TpTrace Information: 0 : 39580, 14, 2023/05/21, 19:35:47.752, 1867401345262, vstest.console.dll, TestRunRequest:SendTestRunMessage: Completed.
TpTrace Verbose: 0 : 39580, 14, 2023/05/21, 19:35:47.753, 1867401346928, vstest.console.dll, MulticastDelegateUtilities.SafeInvoke: LengthPrefixCommunicationChannel: MessageReceived: Invoking callback 1/1 for Microsoft.VisualStudio.TestPlatform.CommunicationUtilities.TestRequestSender+<>c__DisplayClass31_0., took 0 ms.
TpTrace Verbose: 0 : 39580, 14, 2023/05/21, 19:35:47.753, 1867401347739, vstest.console.dll, TcpClientExtensions.MessageLoopAsync: Polling on remoteEndPoint: 127.0.0.1:62365 localEndPoint: 127.0.0.1:62362
TpTrace Verbose: 0 : 39580, 14, 2023/05/21, 19:35:47.753, 1867401348588, vstest.console.dll, TcpClientExtensions.MessageLoopAsync: NotifyDataAvailable remoteEndPoint: 127.0.0.1:62365 localEndPoint: 127.0.0.1:62362
TpTrace Verbose: 0 : 39580, 14, 2023/05/21, 19:35:47.753, 1867401349801, vstest.console.dll, TestRequestSender.OnExecutionMessageReceived: Received message: {"Version":7,"MessageType":"TestSession.Message","Payload":{"MessageLevel":0,"Message":"[xUnit.net 00:00:02.26]       Expected: False"}}
TpTrace Verbose: 0 : 39580, 14, 2023/05/21, 19:35:47.753, 1867401351203, vstest.console.dll, TestRunRequest:SendTestRunMessage: Starting.
TpTrace Verbose: 0 : 39580, 14, 2023/05/21, 19:35:47.753, 1867401352115, vstest.console.dll, MulticastDelegateUtilities.SafeInvoke: TestRun.LogMessages: Invoking callback 1/1 for Microsoft.VisualStudio.TestPlatform.CommandLine.TestRunResultAggregator., took 0 ms.
TpTrace Verbose: 0 : 39580, 4, 2023/05/21, 19:35:47.753, 1867401352416, vstest.console.dll, MulticastDelegateUtilities.SafeInvoke: InternalTestLoggerEvents.SendTestRunMessage: Invoking callback 1/1 for Microsoft.VisualStudio.TestPlatform.CommandLine.Internal.ConsoleLogger., took 0 ms.
TpTrace Information: 0 : 39580, 14, 2023/05/21, 19:35:47.753, 1867401352533, vstest.console.dll, TestRunRequest:SendTestRunMessage: Completed.
TpTrace Verbose: 0 : 39580, 14, 2023/05/21, 19:35:47.753, 1867401353925, vstest.console.dll, MulticastDelegateUtilities.SafeInvoke: LengthPrefixCommunicationChannel: MessageReceived: Invoking callback 1/1 for Microsoft.VisualStudio.TestPlatform.CommunicationUtilities.TestRequestSender+<>c__DisplayClass31_0., took 0 ms.
TpTrace Verbose: 0 : 39580, 14, 2023/05/21, 19:35:47.753, 1867401354397, vstest.console.dll, TcpClientExtensions.MessageLoopAsync: Polling on remoteEndPoint: 127.0.0.1:62365 localEndPoint: 127.0.0.1:62362
TpTrace Verbose: 0 : 39580, 14, 2023/05/21, 19:35:47.753, 1867401354884, vstest.console.dll, TcpClientExtensions.MessageLoopAsync: NotifyDataAvailable remoteEndPoint: 127.0.0.1:62365 localEndPoint: 127.0.0.1:62362
TpTrace Verbose: 0 : 39580, 14, 2023/05/21, 19:35:47.753, 1867401355566, vstest.console.dll, TestRequestSender.OnExecutionMessageReceived: Received message: {"Version":7,"MessageType":"TestSession.Message","Payload":{"MessageLevel":0,"Message":"[xUnit.net 00:00:02.26]       Actual:   True"}}
TpTrace Verbose: 0 : 39580, 14, 2023/05/21, 19:35:47.753, 1867401356398, vstest.console.dll, TestRunRequest:SendTestRunMessage: Starting.
TpTrace Verbose: 0 : 39580, 14, 2023/05/21, 19:35:47.754, 1867401357056, vstest.console.dll, MulticastDelegateUtilities.SafeInvoke: TestRun.LogMessages: Invoking callback 1/1 for Microsoft.VisualStudio.TestPlatform.CommandLine.TestRunResultAggregator., took 0 ms.
TpTrace Information: 0 : 39580, 14, 2023/05/21, 19:35:47.754, 1867401357654, vstest.console.dll, TestRunRequest:SendTestRunMessage: Completed.
TpTrace Verbose: 0 : 39580, 4, 2023/05/21, 19:35:47.754, 1867401357364, vstest.console.dll, MulticastDelegateUtilities.SafeInvoke: InternalTestLoggerEvents.SendTestRunMessage: Invoking callback 1/1 for Microsoft.VisualStudio.TestPlatform.CommandLine.Internal.ConsoleLogger., took 0 ms.
TpTrace Verbose: 0 : 39580, 14, 2023/05/21, 19:35:47.754, 1867401358548, vstest.console.dll, MulticastDelegateUtilities.SafeInvoke: LengthPrefixCommunicationChannel: MessageReceived: Invoking callback 1/1 for Microsoft.VisualStudio.TestPlatform.CommunicationUtilities.TestRequestSender+<>c__DisplayClass31_0., took 0 ms.
TpTrace Verbose: 0 : 39580, 14, 2023/05/21, 19:35:47.754, 1867401359836, vstest.console.dll, TcpClientExtensions.MessageLoopAsync: Polling on remoteEndPoint: 127.0.0.1:62365 localEndPoint: 127.0.0.1:62362
TpTrace Verbose: 0 : 39580, 14, 2023/05/21, 19:35:47.754, 1867401360437, vstest.console.dll, TcpClientExtensions.MessageLoopAsync: NotifyDataAvailable remoteEndPoint: 127.0.0.1:62365 localEndPoint: 127.0.0.1:62362
TpTrace Verbose: 0 : 39580, 14, 2023/05/21, 19:35:47.754, 1867401361201, vstest.console.dll, TestRequestSender.OnExecutionMessageReceived: Received message: {"Version":7,"MessageType":"TestSession.Message","Payload":{"MessageLevel":0,"Message":"[xUnit.net 00:00:02.26]       Stack Trace:"}}
TpTrace Verbose: 0 : 39580, 14, 2023/05/21, 19:35:47.754, 1867401362063, vstest.console.dll, TestRunRequest:SendTestRunMessage: Starting.
TpTrace Verbose: 0 : 39580, 14, 2023/05/21, 19:35:47.754, 1867401362733, vstest.console.dll, MulticastDelegateUtilities.SafeInvoke: TestRun.LogMessages: Invoking callback 1/1 for Microsoft.VisualStudio.TestPlatform.CommandLine.TestRunResultAggregator., took 0 ms.
TpTrace Verbose: 0 : 39580, 4, 2023/05/21, 19:35:47.754, 1867401363006, vstest.console.dll, MulticastDelegateUtilities.SafeInvoke: InternalTestLoggerEvents.SendTestRunMessage: Invoking callback 1/1 for Microsoft.VisualStudio.TestPlatform.CommandLine.Internal.ConsoleLogger., took 0 ms.
TpTrace Information: 0 : 39580, 14, 2023/05/21, 19:35:47.754, 1867401363202, vstest.console.dll, TestRunRequest:SendTestRunMessage: Completed.
TpTrace Verbose: 0 : 39580, 14, 2023/05/21, 19:35:47.754, 1867401364722, vstest.console.dll, MulticastDelegateUtilities.SafeInvoke: LengthPrefixCommunicationChannel: MessageReceived: Invoking callback 1/1 for Microsoft.VisualStudio.TestPlatform.CommunicationUtilities.TestRequestSender+<>c__DisplayClass31_0., took 0 ms.
TpTrace Verbose: 0 : 39580, 14, 2023/05/21, 19:35:47.754, 1867401365209, vstest.console.dll, TcpClientExtensions.MessageLoopAsync: Polling on remoteEndPoint: 127.0.0.1:62365 localEndPoint: 127.0.0.1:62362
TpTrace Verbose: 0 : 39580, 14, 2023/05/21, 19:35:47.757, 1867401387835, vstest.console.dll, TcpClientExtensions.MessageLoopAsync: NotifyDataAvailable remoteEndPoint: 127.0.0.1:62365 localEndPoint: 127.0.0.1:62362
TpTrace Verbose: 0 : 39580, 14, 2023/05/21, 19:35:47.757, 1867401389266, vstest.console.dll, TestRequestSender.OnExecutionMessageReceived: Received message: {"Version":7,"MessageType":"TestSession.Message","Payload":{"MessageLevel":0,"Message":"[xUnit.net 00:00:02.26]         C:\\Users\\AliRaid\\source\\reposESGI\\CSharpBankccount\\BankAccount\\BankAccount.Test.Bll\\TestBllAccountService.cs(136,0): at BankAccount.Test.Bll.TestBllAccountService.TestCreditOrDebitAccount_GivenExceptionFromDb_ReturnObjectWithError()"}}
TpTrace Verbose: 0 : 39580, 14, 2023/05/21, 19:35:47.757, 1867401390391, vstest.console.dll, TestRunRequest:SendTestRunMessage: Starting.
TpTrace Verbose: 0 : 39580, 14, 2023/05/21, 19:35:47.757, 1867401391061, vstest.console.dll, MulticastDelegateUtilities.SafeInvoke: TestRun.LogMessages: Invoking callback 1/1 for Microsoft.VisualStudio.TestPlatform.CommandLine.TestRunResultAggregator., took 0 ms.
TpTrace Information: 0 : 39580, 14, 2023/05/21, 19:35:47.757, 1867401391470, vstest.console.dll, TestRunRequest:SendTestRunMessage: Completed.
TpTrace Verbose: 0 : 39580, 4, 2023/05/21, 19:35:47.757, 1867401391465, vstest.console.dll, MulticastDelegateUtilities.SafeInvoke: InternalTestLoggerEvents.SendTestRunMessage: Invoking callback 1/1 for Microsoft.VisualStudio.TestPlatform.CommandLine.Internal.ConsoleLogger., took 0 ms.
TpTrace Verbose: 0 : 39580, 14, 2023/05/21, 19:35:47.757, 1867401391892, vstest.console.dll, MulticastDelegateUtilities.SafeInvoke: LengthPrefixCommunicationChannel: MessageReceived: Invoking callback 1/1 for Microsoft.VisualStudio.TestPlatform.CommunicationUtilities.TestRequestSender+<>c__DisplayClass31_0., took 0 ms.
TpTrace Verbose: 0 : 39580, 14, 2023/05/21, 19:35:47.757, 1867401393370, vstest.console.dll, TcpClientExtensions.MessageLoopAsync: Polling on remoteEndPoint: 127.0.0.1:62365 localEndPoint: 127.0.0.1:62362
TpTrace Verbose: 0 : 39580, 14, 2023/05/21, 19:35:47.763, 1867401449816, vstest.console.dll, TcpClientExtensions.MessageLoopAsync: NotifyDataAvailable remoteEndPoint: 127.0.0.1:62365 localEndPoint: 127.0.0.1:62362
TpTrace Verbose: 0 : 39580, 14, 2023/05/21, 19:35:47.763, 1867401451993, vstest.console.dll, TestRequestSender.OnExecutionMessageReceived: Received message: {"Version":7,"MessageType":"TestSession.Message","Payload":{"MessageLevel":2,"Message":"[xUnit.net 00:00:02.27]     BankAccount.Test.Bll.TestBllAccountService.TestCreditOrDebitAccount_GivenAmmountSuperiorToBalance_ReturnObjectWithError [FAIL]"}}
TpTrace Verbose: 0 : 39580, 14, 2023/05/21, 19:35:47.763, 1867401453727, vstest.console.dll, TestRunRequest:SendTestRunMessage: Starting.
TpTrace Verbose: 0 : 39580, 14, 2023/05/21, 19:35:47.763, 1867401454587, vstest.console.dll, MulticastDelegateUtilities.SafeInvoke: TestRun.LogMessages: Invoking callback 1/1 for Microsoft.VisualStudio.TestPlatform.CommandLine.TestRunResultAggregator., took 0 ms.
TpTrace Information: 0 : 39580, 14, 2023/05/21, 19:35:47.763, 1867401455171, vstest.console.dll, TestRunRequest:SendTestRunMessage: Completed.
TpTrace Verbose: 0 : 39580, 14, 2023/05/21, 19:35:47.763, 1867401455572, vstest.console.dll, MulticastDelegateUtilities.SafeInvoke: LengthPrefixCommunicationChannel: MessageReceived: Invoking callback 1/1 for Microsoft.VisualStudio.TestPlatform.CommunicationUtilities.TestRequestSender+<>c__DisplayClass31_0., took 0 ms.
TpTrace Verbose: 0 : 39580, 4, 2023/05/21, 19:35:47.763, 1867401455807, vstest.console.dll, MulticastDelegateUtilities.SafeInvoke: InternalTestLoggerEvents.SendTestRunMessage: Invoking callback 1/1 for Microsoft.VisualStudio.TestPlatform.CommandLine.Internal.ConsoleLogger., took 0 ms.
TpTrace Verbose: 0 : 39580, 14, 2023/05/21, 19:35:47.763, 1867401456001, vstest.console.dll, TcpClientExtensions.MessageLoopAsync: Polling on remoteEndPoint: 127.0.0.1:62365 localEndPoint: 127.0.0.1:62362
TpTrace Verbose: 0 : 39580, 14, 2023/05/21, 19:35:47.764, 1867401458019, vstest.console.dll, TcpClientExtensions.MessageLoopAsync: NotifyDataAvailable remoteEndPoint: 127.0.0.1:62365 localEndPoint: 127.0.0.1:62362
TpTrace Verbose: 0 : 39580, 14, 2023/05/21, 19:35:47.764, 1867401458869, vstest.console.dll, TestRequestSender.OnExecutionMessageReceived: Received message: {"Version":7,"MessageType":"TestSession.Message","Payload":{"MessageLevel":0,"Message":"[xUnit.net 00:00:02.27]       Assert.False() Failure"}}
TpTrace Verbose: 0 : 39580, 14, 2023/05/21, 19:35:47.764, 1867401459826, vstest.console.dll, TestRunRequest:SendTestRunMessage: Starting.
TpTrace Verbose: 0 : 39580, 14, 2023/05/21, 19:35:47.764, 1867401460525, vstest.console.dll, MulticastDelegateUtilities.SafeInvoke: TestRun.LogMessages: Invoking callback 1/1 for Microsoft.VisualStudio.TestPlatform.CommandLine.TestRunResultAggregator., took 0 ms.
TpTrace Information: 0 : 39580, 14, 2023/05/21, 19:35:47.764, 1867401461343, vstest.console.dll, TestRunRequest:SendTestRunMessage: Completed.
TpTrace Verbose: 0 : 39580, 4, 2023/05/21, 19:35:47.764, 1867401460978, vstest.console.dll, MulticastDelegateUtilities.SafeInvoke: InternalTestLoggerEvents.SendTestRunMessage: Invoking callback 1/1 for Microsoft.VisualStudio.TestPlatform.CommandLine.Internal.ConsoleLogger., took 0 ms.
TpTrace Verbose: 0 : 39580, 14, 2023/05/21, 19:35:47.764, 1867401462145, vstest.console.dll, MulticastDelegateUtilities.SafeInvoke: LengthPrefixCommunicationChannel: MessageReceived: Invoking callback 1/1 for Microsoft.VisualStudio.TestPlatform.CommunicationUtilities.TestRequestSender+<>c__DisplayClass31_0., took 0 ms.
TpTrace Verbose: 0 : 39580, 14, 2023/05/21, 19:35:47.764, 1867401463614, vstest.console.dll, TcpClientExtensions.MessageLoopAsync: Polling on remoteEndPoint: 127.0.0.1:62365 localEndPoint: 127.0.0.1:62362
TpTrace Verbose: 0 : 39580, 14, 2023/05/21, 19:35:47.764, 1867401464240, vstest.console.dll, TcpClientExtensions.MessageLoopAsync: NotifyDataAvailable remoteEndPoint: 127.0.0.1:62365 localEndPoint: 127.0.0.1:62362
TpTrace Verbose: 0 : 39580, 14, 2023/05/21, 19:35:47.764, 1867401465215, vstest.console.dll, TestRequestSender.OnExecutionMessageReceived: Received message: {"Version":7,"MessageType":"TestSession.Message","Payload":{"MessageLevel":0,"Message":"[xUnit.net 00:00:02.27]       Expected: False"}}
TpTrace Verbose: 0 : 39580, 14, 2023/05/21, 19:35:47.764, 1867401466232, vstest.console.dll, TestRunRequest:SendTestRunMessage: Starting.
TpTrace Verbose: 0 : 39580, 14, 2023/05/21, 19:35:47.765, 1867401466984, vstest.console.dll, MulticastDelegateUtilities.SafeInvoke: TestRun.LogMessages: Invoking callback 1/1 for Microsoft.VisualStudio.TestPlatform.CommandLine.TestRunResultAggregator., took 0 ms.
TpTrace Information: 0 : 39580, 14, 2023/05/21, 19:35:47.765, 1867401467493, vstest.console.dll, TestRunRequest:SendTestRunMessage: Completed.
TpTrace Verbose: 0 : 39580, 4, 2023/05/21, 19:35:47.765, 1867401467236, vstest.console.dll, MulticastDelegateUtilities.SafeInvoke: InternalTestLoggerEvents.SendTestRunMessage: Invoking callback 1/1 for Microsoft.VisualStudio.TestPlatform.CommandLine.Internal.ConsoleLogger., took 0 ms.
TpTrace Verbose: 0 : 39580, 14, 2023/05/21, 19:35:47.765, 1867401467954, vstest.console.dll, MulticastDelegateUtilities.SafeInvoke: LengthPrefixCommunicationChannel: MessageReceived: Invoking callback 1/1 for Microsoft.VisualStudio.TestPlatform.CommunicationUtilities.TestRequestSender+<>c__DisplayClass31_0., took 0 ms.
TpTrace Verbose: 0 : 39580, 14, 2023/05/21, 19:35:47.765, 1867401469280, vstest.console.dll, TcpClientExtensions.MessageLoopAsync: Polling on remoteEndPoint: 127.0.0.1:62365 localEndPoint: 127.0.0.1:62362
TpTrace Verbose: 0 : 39580, 14, 2023/05/21, 19:35:47.765, 1867401469824, vstest.console.dll, TcpClientExtensions.MessageLoopAsync: NotifyDataAvailable remoteEndPoint: 127.0.0.1:62365 localEndPoint: 127.0.0.1:62362
TpTrace Verbose: 0 : 39580, 14, 2023/05/21, 19:35:47.765, 1867401470543, vstest.console.dll, TestRequestSender.OnExecutionMessageReceived: Received message: {"Version":7,"MessageType":"TestSession.Message","Payload":{"MessageLevel":0,"Message":"[xUnit.net 00:00:02.27]       Actual:   True"}}
TpTrace Verbose: 0 : 39580, 14, 2023/05/21, 19:35:47.765, 1867401471397, vstest.console.dll, TestRunRequest:SendTestRunMessage: Starting.
TpTrace Verbose: 0 : 39580, 14, 2023/05/21, 19:35:47.765, 1867401472078, vstest.console.dll, MulticastDelegateUtilities.SafeInvoke: TestRun.LogMessages: Invoking callback 1/1 for Microsoft.VisualStudio.TestPlatform.CommandLine.TestRunResultAggregator., took 0 ms.
TpTrace Verbose: 0 : 39580, 4, 2023/05/21, 19:35:47.765, 1867401472388, vstest.console.dll, MulticastDelegateUtilities.SafeInvoke: InternalTestLoggerEvents.SendTestRunMessage: Invoking callback 1/1 for Microsoft.VisualStudio.TestPlatform.CommandLine.Internal.ConsoleLogger., took 0 ms.
TpTrace Information: 0 : 39580, 14, 2023/05/21, 19:35:47.765, 1867401472530, vstest.console.dll, TestRunRequest:SendTestRunMessage: Completed.
TpTrace Verbose: 0 : 39580, 14, 2023/05/21, 19:35:47.765, 1867401474436, vstest.console.dll, MulticastDelegateUtilities.SafeInvoke: LengthPrefixCommunicationChannel: MessageReceived: Invoking callback 1/1 for Microsoft.VisualStudio.TestPlatform.CommunicationUtilities.TestRequestSender+<>c__DisplayClass31_0., took 0 ms.
TpTrace Verbose: 0 : 39580, 14, 2023/05/21, 19:35:47.765, 1867401474884, vstest.console.dll, TcpClientExtensions.MessageLoopAsync: Polling on remoteEndPoint: 127.0.0.1:62365 localEndPoint: 127.0.0.1:62362
TpTrace Verbose: 0 : 39580, 14, 2023/05/21, 19:35:47.765, 1867401475356, vstest.console.dll, TcpClientExtensions.MessageLoopAsync: NotifyDataAvailable remoteEndPoint: 127.0.0.1:62365 localEndPoint: 127.0.0.1:62362
TpTrace Verbose: 0 : 39580, 14, 2023/05/21, 19:35:47.765, 1867401476066, vstest.console.dll, TestRequestSender.OnExecutionMessageReceived: Received message: {"Version":7,"MessageType":"TestSession.Message","Payload":{"MessageLevel":0,"Message":"[xUnit.net 00:00:02.27]       Stack Trace:"}}
TpTrace Verbose: 0 : 39580, 14, 2023/05/21, 19:35:47.766, 1867401476988, vstest.console.dll, TestRunRequest:SendTestRunMessage: Starting.
TpTrace Verbose: 0 : 39580, 14, 2023/05/21, 19:35:47.766, 1867401477606, vstest.console.dll, MulticastDelegateUtilities.SafeInvoke: TestRun.LogMessages: Invoking callback 1/1 for Microsoft.VisualStudio.TestPlatform.CommandLine.TestRunResultAggregator., took 0 ms.
TpTrace Verbose: 0 : 39580, 4, 2023/05/21, 19:35:47.766, 1867401478004, vstest.console.dll, MulticastDelegateUtilities.SafeInvoke: InternalTestLoggerEvents.SendTestRunMessage: Invoking callback 1/1 for Microsoft.VisualStudio.TestPlatform.CommandLine.Internal.ConsoleLogger., took 0 ms.
TpTrace Information: 0 : 39580, 14, 2023/05/21, 19:35:47.766, 1867401478061, vstest.console.dll, TestRunRequest:SendTestRunMessage: Completed.
TpTrace Verbose: 0 : 39580, 14, 2023/05/21, 19:35:47.766, 1867401479568, vstest.console.dll, MulticastDelegateUtilities.SafeInvoke: LengthPrefixCommunicationChannel: MessageReceived: Invoking callback 1/1 for Microsoft.VisualStudio.TestPlatform.CommunicationUtilities.TestRequestSender+<>c__DisplayClass31_0., took 0 ms.
TpTrace Verbose: 0 : 39580, 14, 2023/05/21, 19:35:47.766, 1867401480071, vstest.console.dll, TcpClientExtensions.MessageLoopAsync: Polling on remoteEndPoint: 127.0.0.1:62365 localEndPoint: 127.0.0.1:62362
TpTrace Verbose: 0 : 39580, 14, 2023/05/21, 19:35:47.766, 1867401480562, vstest.console.dll, TcpClientExtensions.MessageLoopAsync: NotifyDataAvailable remoteEndPoint: 127.0.0.1:62365 localEndPoint: 127.0.0.1:62362
TpTrace Verbose: 0 : 39580, 14, 2023/05/21, 19:35:47.766, 1867401481295, vstest.console.dll, TestRequestSender.OnExecutionMessageReceived: Received message: {"Version":7,"MessageType":"TestSession.Message","Payload":{"MessageLevel":0,"Message":"[xUnit.net 00:00:02.27]         C:\\Users\\AliRaid\\source\\reposESGI\\CSharpBankccount\\BankAccount\\BankAccount.Test.Bll\\TestBllAccountService.cs(152,0): at BankAccount.Test.Bll.TestBllAccountService.TestCreditOrDebitAccount_GivenAmmountSuperiorToBalance_ReturnObjectWithError()"}}
TpTrace Verbose: 0 : 39580, 14, 2023/05/21, 19:35:47.766, 1867401482136, vstest.console.dll, TestRunRequest:SendTestRunMessage: Starting.
TpTrace Verbose: 0 : 39580, 14, 2023/05/21, 19:35:47.766, 1867401482795, vstest.console.dll, MulticastDelegateUtilities.SafeInvoke: TestRun.LogMessages: Invoking callback 1/1 for Microsoft.VisualStudio.TestPlatform.CommandLine.TestRunResultAggregator., took 0 ms.
TpTrace Verbose: 0 : 39580, 4, 2023/05/21, 19:35:47.766, 1867401483118, vstest.console.dll, MulticastDelegateUtilities.SafeInvoke: InternalTestLoggerEvents.SendTestRunMessage: Invoking callback 1/1 for Microsoft.VisualStudio.TestPlatform.CommandLine.Internal.ConsoleLogger., took 0 ms.
TpTrace Information: 0 : 39580, 14, 2023/05/21, 19:35:47.766, 1867401483222, vstest.console.dll, TestRunRequest:SendTestRunMessage: Completed.
TpTrace Verbose: 0 : 39580, 14, 2023/05/21, 19:35:47.766, 1867401485106, vstest.console.dll, MulticastDelegateUtilities.SafeInvoke: LengthPrefixCommunicationChannel: MessageReceived: Invoking callback 1/1 for Microsoft.VisualStudio.TestPlatform.CommunicationUtilities.TestRequestSender+<>c__DisplayClass31_0., took 0 ms.
TpTrace Verbose: 0 : 39580, 14, 2023/05/21, 19:35:47.766, 1867401485585, vstest.console.dll, TcpClientExtensions.MessageLoopAsync: Polling on remoteEndPoint: 127.0.0.1:62365 localEndPoint: 127.0.0.1:62362
TpTrace Verbose: 0 : 39580, 14, 2023/05/21, 19:35:47.796, 1867401782854, vstest.console.dll, TcpClientExtensions.MessageLoopAsync: NotifyDataAvailable remoteEndPoint: 127.0.0.1:62365 localEndPoint: 127.0.0.1:62362
TpTrace Verbose: 0 : 39580, 14, 2023/05/21, 19:35:47.796, 1867401786746, vstest.console.dll, TestRequestSender.OnExecutionMessageReceived: Received message: {"Version":7,"MessageType":"TestExecution.StatsChange","Payload":{"NewTestResults":[{"TestCase":{"Id":"32873b13-8376-fa78-9c70-4b9fdc71125b","FullyQualifiedName":"BankAccount.Test.Bll.TestBllAccountService.TestCreateAccount_GivenReferenceAlreadyExists_ReturnException","DisplayName":"BankAccount.Test.Bll.TestBllAccountService.TestCreateAccount_GivenReferenceAlreadyExists_ReturnException","ExecutorUri":"executor://xunit/VsTestRunner2/netcoreapp","Source":"C:\\Users\\AliRaid\\source\\reposESGI\\CSharpBankccount\\BankAccount\\BankAccount.Test.Bll\\bin\\Debug\\net6.0\\fine-code-coverage\\build-output\\BankAccount.Test.Bll.dll","CodeFilePath":null,"LineNumber":0,"Properties":[]},"Attachments":[],"Outcome":1,"ErrorMessage":null,"ErrorStackTrace":null,"DisplayName":"BankAccount.Test.Bll.TestBllAccountService.TestCreateAccount_GivenReferenceAlreadyExists_ReturnException","Messages":[],"ComputerName":"LAPTOPFR218","Duration":"00:00:00.1771214","StartTime":"2023-05-21T17:35:47.7029176+00:00","EndTime":"2023-05-21T17:35:47.7029502+00:00","Properties":[]},{"TestCase":{"Id":"3ff9831a-c268-48b5-cb69-986509ff25ac","FullyQualifiedName":"BankAccount.Test.Bll.TestBllAccountService.TestCreditOrDebitAccount_GivenInvalidOperation_ReturnObjectWithError","DisplayName":"BankAccount.Test.Bll.TestBllAccountService.TestCreditOrDebitAccount_GivenInvalidOperation_ReturnObjectWithError","ExecutorUri":"executor://xunit/VsTestRunner2/netcoreapp","Source":"C:\\Users\\AliRaid\\source\\reposESGI\\CSharpBankccount\\BankAccount\\BankAccount.Test.Bll\\bin\\Debug\\net6.0\\fine-code-coverage\\build-output\\BankAccount.Test.Bll.dll","CodeFilePath":null,"LineNumber":0,"Properties":[]},"Attachments":[],"Outcome":1,"ErrorMessage":null,"ErrorStackTrace":null,"DisplayName":"BankAccount.Test.Bll.TestBllAccountService.TestCreditOrDebitAccount_GivenInvalidOperation_ReturnObjectWithError","Messages":[],"ComputerName":"LAPTOPFR218","Duration":"00:00:00.0022979","StartTime":"2023-05-21T17:35:47.7376717+00:00","EndTime":"2023-05-21T17:35:47.7376719+00:00","Properties":[]},{"TestCase":{"Id":"8a45fc64-8379-6e6e-f1b7-a0b0f17db03b","FullyQualifiedName":"BankAccount.Test.Bll.TestBllAccountService.TestCreditOrDebitAccount_GivenExceptionFromDb_ReturnObjectWithError","DisplayName":"BankAccount.Test.Bll.TestBllAccountService.TestCreditOrDebitAccount_GivenExceptionFromDb_ReturnObjectWithError","ExecutorUri":"executor://xunit/VsTestRunner2/netcoreapp","Source":"C:\\Users\\AliRaid\\source\\reposESGI\\CSharpBankccount\\BankAccount\\BankAccount.Test.Bll\\bin\\Debug\\net6.0\\fine-code-coverage\\build-output\\BankAccount.Test.Bll.dll","CodeFilePath":null,"LineNumber":0,"Properties":[]},"Attachments":[],"Outcome":2,"ErrorMessage":"Assert.False() Failure\r\nExpected: False\r\nActual:   True","ErrorStackTrace":"   at BankAccount.Test.Bll.TestBllAccountService.TestCreditOrDebitAccount_GivenExceptionFromDb_ReturnObjectWithError() in C:\\Users\\AliRaid\\source\\reposESGI\\CSharpBankccount\\BankAccount\\BankAccount.Test.Bll\\TestBllAccountService.cs:line 136","DisplayName":"BankAccount.Test.Bll.TestBllAccountService.TestCreditOrDebitAccount_GivenExceptionFromDb_ReturnObjectWithError","Messages":[],"ComputerName":"LAPTOPFR218","Duration":"00:00:00.0139294","StartTime":"2023-05-21T17:35:47.7582514+00:00","EndTime":"2023-05-21T17:35:47.7582516+00:00","Properties":[]},{"TestCase":{"Id":"5e994af2-b375-9a42-d8ea-19d898895212","FullyQualifiedName":"BankAccount.Test.Bll.TestBllAccountService.TestCreditOrDebitAccount_GivenAmmountSuperiorToBalance_ReturnObjectWithError","DisplayName":"BankAccount.Test.Bll.TestBllAccountService.TestCreditOrDebitAccount_GivenAmmountSuperiorToBalance_ReturnObjectWithError","ExecutorUri":"executor://xunit/VsTestRunner2/netcoreapp","Source":"C:\\Users\\AliRaid\\source\\reposESGI\\CSharpBankccount\\BankAccount\\BankAccount.Test.Bll\\bin\\Debug\\net6.0\\fine-code-coverage\\build-output\\BankAccount.Test.Bll.dll","CodeFilePath":null,"LineNumber":0,"Properties":[]},"Attachments":[],"Outcome":2,"ErrorMessage":"Assert.False() Failure\r\nExpected: False\r\nActual:   True","ErrorStackTrace":"   at BankAccount.Test.Bll.TestBllAccountService.TestCreditOrDebitAccount_GivenAmmountSuperiorToBalance_ReturnObjectWithError() in C:\\Users\\AliRaid\\source\\reposESGI\\CSharpBankccount\\BankAccount\\BankAccount.Test.Bll\\TestBllAccountService.cs:line 152","DisplayName":"BankAccount.Test.Bll.TestBllAccountService.TestCreditOrDebitAccount_GivenAmmountSuperiorToBalance_ReturnObjectWithError","Messages":[],"ComputerName":"LAPTOPFR218","Duration":"00:00:00.0015091","StartTime":"2023-05-21T17:35:47.765087+00:00","EndTime":"2023-05-21T17:35:47.7650872+00:00","Properties":[]},{"TestCase":{"Id":"6a25bf9b-30f4-29b5-7411-b020ff6c47e1","FullyQualifiedName":"BankAccount.Test.Bll.TestBllAccountService.TestGetAccountBalance_GivenNotExistingRefAccount_ReturnObjectWithErrorMessage","DisplayName":"BankAccount.Test.Bll.TestBllAccountService.TestGetAccountBalance_GivenNotExistingRefAccount_ReturnObjectWithErrorMessage","ExecutorUri":"executor://xunit/VsTestRunner2/netcoreapp","Source":"C:\\Users\\AliRaid\\source\\reposESGI\\CSharpBankccount\\BankAccount\\BankAccount.Test.Bll\\bin\\Debug\\net6.0\\fine-code-coverage\\build-output\\BankAccount.Test.Bll.dll","CodeFilePath":null,"LineNumber":0,"Properties":[]},"Attachments":[],"Outcome":1,"ErrorMessage":null,"ErrorStackTrace":null,"DisplayName":"BankAccount.Test.Bll.TestBllAccountService.TestGetAccountBalance_GivenNotExistingRefAccount_ReturnObjectWithErrorMessage","Messages":[],"ComputerName":"LAPTOPFR218","Duration":"00:00:00.0039705","StartTime":"2023-05-21T17:35:47.7682146+00:00","EndTime":"2023-05-21T17:35:47.7682147+00:00","Properties":[]},{"TestCase":{"Id":"5396a207-62fb-7cbf-4da1-67caed372cf0","FullyQualifiedName":"BankAccount.Test.Bll.TestBllAccountService.TestCreditOrDebitAccount_GivenResultFromDb_ReturnResult","DisplayName":"BankAccount.Test.Bll.TestBllAccountService.TestCreditOrDebitAccount_GivenResultFromDb_ReturnResult","ExecutorUri":"executor://xunit/VsTestRunner2/netcoreapp","Source":"C:\\Users\\AliRaid\\source\\reposESGI\\CSharpBankccount\\BankAccount\\BankAccount.Test.Bll\\bin\\Debug\\net6.0\\fine-code-coverage\\build-output\\BankAccount.Test.Bll.dll","CodeFilePath":null,"LineNumber":0,"Properties":[]},"Attachments":[],"Outcome":1,"ErrorMessage":null,"ErrorStackTrace":null,"DisplayName":"BankAccount.Test.Bll.TestBllAccountService.TestCreditOrDebitAccount_GivenResultFromDb_ReturnResult","Messages":[],"ComputerName":"LAPTOPFR218","Duration":"00:00:00.0012387","StartTime":"2023-05-21T17:35:47.7708791+00:00","EndTime":"2023-05-21T17:35:47.7708792+00:00","Properties":[]},{"TestCase":{"Id":"3c9225de-173c-fac1-abe5-6949826c9e50","FullyQualifiedName":"BankAccount.Test.Bll.TestBllAccountService.TestGetAccountInfo_GivenResultFromDb_ReturnObjectWithAccount","DisplayName":"BankAccount.Test.Bll.TestBllAccountService.TestGetAccountInfo_GivenResultFromDb_ReturnObjectWithAccount","ExecutorUri":"executor://xunit/VsTestRunner2/netcoreapp","Source":"C:\\Users\\AliRaid\\source\\reposESGI\\CSharpBankccount\\BankAccount\\BankAccount.Test.Bll\\bin\\Debug\\net6.0\\fine-code-coverage\\build-output\\BankAccount.Test.Bll.dll","CodeFilePath":null,"LineNumber":0,"Properties":[]},"Attachments":[],"Outcome":1,"ErrorMessage":null,"ErrorStackTrace":null,"DisplayName":"BankAccount.Test.Bll.TestBllAccountService.TestGetAccountInfo_GivenResultFromDb_ReturnObjectWithAccount","Messages":[],"ComputerName":"LAPTOPFR218","Duration":"00:00:00.0070881","StartTime":"2023-05-21T17:35:47.7734016+00:00","EndTime":"2023-05-21T17:35:47.7734017+00:00","Properties":[]},{"TestCase":{"Id":"a1872392-c3fe-5204-1f35-2c279d8c192e","FullyQualifiedName":"BankAccount.Test.Bll.TestBllAccountService.TestGetAccountBalance_GivenExistingRefAccount_ReturnsObjecWithBlanceRelated","DisplayName":"BankAccount.Test.Bll.TestBllAccountService.TestGetAccountBalance_GivenExistingRefAccount_ReturnsObjecWithBlanceRelated","ExecutorUri":"executor://xunit/VsTestRunner2/netcoreapp","Source":"C:\\Users\\AliRaid\\source\\reposESGI\\CSharpBankccount\\BankAccount\\BankAccount.Test.Bll\\bin\\Debug\\net6.0\\fine-code-coverage\\build-output\\BankAccount.Test.Bll.dll","CodeFilePath":null,"LineNumber":0,"Properties":[]},"Attachments":[],"Outcome":1,"ErrorMessage":null,"ErrorStackTrace":null,"DisplayName":"BankAccount.Test.Bll.TestBllAccountService.TestGetAccountBalance_GivenExistingRefAccount_ReturnsObjecWithBlanceRelated","Messages":[],"ComputerName":"LAPTOPFR218","Duration":"00:00:00.0140330","StartTime":"2023-05-21T17:35:47.7774436+00:00","EndTime":"2023-05-21T17:35:47.7774437+00:00","Properties":[]},{"TestCase":{"Id":"2e41b414-f62d-aa1f-f365-ee0d73524eaf","FullyQualifiedName":"BankAccount.Test.Bll.TestBllAccountService.TestGetAllTransactions_GivenAccountRefInvalid_ReturnObjectWithError","DisplayName":"BankAccount.Test.Bll.TestBllAccountService.TestGetAllTransactions_GivenAccountRefInvalid_ReturnObjectWithError","ExecutorUri":"executor://xunit/VsTestRunner2/netcoreapp","Source":"C:\\Users\\AliRaid\\source\\reposESGI\\CSharpBankccount\\BankAccount\\BankAccount.Test.Bll\\bin\\Debug\\net6.0\\fine-code-coverage\\build-output\\BankAccount.Test.Bll.dll","CodeFilePath":null,"LineNumber":0,"Properties":[]},"Attachments":[],"Outcome":1,"ErrorMessage":null,"ErrorStackTrace":null,"DisplayName":"BankAccount.Test.Bll.TestBllAccountService.TestGetAllTransactions_GivenAccountRefInvalid_ReturnObjectWithError","Messages":[],"ComputerName":"LAPTOPFR218","Duration":"00:00:00.0029196","StartTime":"2023-05-21T17:35:47.7812848+00:00","EndTime":"2023-05-21T17:35:47.781285+00:00","Properties":[]}],"TestRunStatistics":{"ExecutedTests":9,"Stats":{"Passed":7,"Failed":2}},"ActiveTests":[{"Id":"926f5b02-b652-48ae-7ee3-54a6d2b017d2","FullyQualifiedName":"BankAccount.Test.Bll.TestBllAccountService.TestGetAllAccount_GivenResultFromDb_ReturnObjectWithAccounts","DisplayName":"BankAccount.Test.Bll.TestBllAccountService.TestGetAllAccount_GivenResultFromDb_ReturnObjectWithAccounts","ExecutorUri":"executor://xunit/VsTestRunner2/netcoreapp","Source":"C:\\Users\\AliRaid\\source\\reposESGI\\CSharpBankccount\\BankAccount\\BankAccount.Test.Bll\\bin\\Debug\\net6.0\\fine-code-coverage\\build-output\\BankAccount.Test.Bll.dll","CodeFilePath":null,"LineNumber":0,"Properties":[]}]}}
TpTrace Verbose: 0 : 39580, 14, 2023/05/21, 19:35:47.809, 1867401907337, vstest.console.dll, TestRunRequest:SendTestRunStatsChange: Starting.
TpTrace Verbose: 0 : 39580, 14, 2023/05/21, 19:35:47.809, 1867401908405, vstest.console.dll, InProgress is BankAccount.Test.Bll.TestBllAccountService.TestGetAllAccount_GivenResultFromDb_ReturnObjectWithAccounts
TpTrace Verbose: 0 : 39580, 14, 2023/05/21, 19:35:47.809, 1867401913658, vstest.console.dll, MulticastDelegateUtilities.SafeInvoke: TestRun.RunStatsChanged: Invoking callbacks was skipped because there are no subscribers.
TpTrace Information: 0 : 39580, 14, 2023/05/21, 19:35:47.809, 1867401914689, vstest.console.dll, TestRunRequest:SendTestRunStatsChange: Completed.
TpTrace Verbose: 0 : 39580, 14, 2023/05/21, 19:35:47.809, 1867401915654, vstest.console.dll, MulticastDelegateUtilities.SafeInvoke: LengthPrefixCommunicationChannel: MessageReceived: Invoking callback 1/1 for Microsoft.VisualStudio.TestPlatform.CommunicationUtilities.TestRequestSender+<>c__DisplayClass31_0., took 12 ms.
TpTrace Verbose: 0 : 39580, 14, 2023/05/21, 19:35:47.809, 1867401916454, vstest.console.dll, TcpClientExtensions.MessageLoopAsync: Polling on remoteEndPoint: 127.0.0.1:62365 localEndPoint: 127.0.0.1:62362
TpTrace Verbose: 0 : 39580, 14, 2023/05/21, 19:35:47.811, 1867401928056, vstest.console.dll, TcpClientExtensions.MessageLoopAsync: NotifyDataAvailable remoteEndPoint: 127.0.0.1:62365 localEndPoint: 127.0.0.1:62362
TpTrace Verbose: 0 : 39580, 14, 2023/05/21, 19:35:47.811, 1867401930307, vstest.console.dll, TestRequestSender.OnExecutionMessageReceived: Received message: {"Version":7,"MessageType":"TestSession.Message","Payload":{"MessageLevel":0,"Message":"[xUnit.net 00:00:02.31]   Finished:    BankAccount.Test.Bll"}}
TpTrace Verbose: 0 : 39580, 14, 2023/05/21, 19:35:47.811, 1867401933277, vstest.console.dll, TestRunRequest:SendTestRunMessage: Starting.
TpTrace Verbose: 0 : 39580, 14, 2023/05/21, 19:35:47.811, 1867401935294, vstest.console.dll, MulticastDelegateUtilities.SafeInvoke: TestRun.LogMessages: Invoking callback 1/1 for Microsoft.VisualStudio.TestPlatform.CommandLine.TestRunResultAggregator., took 0 ms.
TpTrace Information: 0 : 39580, 14, 2023/05/21, 19:35:47.811, 1867401936052, vstest.console.dll, TestRunRequest:SendTestRunMessage: Completed.
TpTrace Verbose: 0 : 39580, 14, 2023/05/21, 19:35:47.812, 1867401936782, vstest.console.dll, MulticastDelegateUtilities.SafeInvoke: LengthPrefixCommunicationChannel: MessageReceived: Invoking callback 1/1 for Microsoft.VisualStudio.TestPlatform.CommunicationUtilities.TestRequestSender+<>c__DisplayClass31_0., took 0 ms.
TpTrace Verbose: 0 : 39580, 14, 2023/05/21, 19:35:47.812, 1867401937608, vstest.console.dll, TcpClientExtensions.MessageLoopAsync: Polling on remoteEndPoint: 127.0.0.1:62365 localEndPoint: 127.0.0.1:62362
TpTrace Verbose: 0 : 39580, 4, 2023/05/21, 19:35:47.817, 1867401992236, vstest.console.dll, MulticastDelegateUtilities.SafeInvoke: InternalTestLoggerEvents.SendTestResult: Invoking callback 1/1 for Microsoft.VisualStudio.TestPlatform.CommandLine.Internal.ConsoleLogger., took 7 ms.
TpTrace Verbose: 0 : 39580, 4, 2023/05/21, 19:35:47.818, 1867401997996, vstest.console.dll, MulticastDelegateUtilities.SafeInvoke: InternalTestLoggerEvents.SendTestResult: Invoking callback 1/1 for Microsoft.VisualStudio.TestPlatform.CommandLine.Internal.ConsoleLogger., took 0 ms.
TpTrace Verbose: 0 : 39580, 4, 2023/05/21, 19:35:47.819, 1867402012980, vstest.console.dll, MulticastDelegateUtilities.SafeInvoke: InternalTestLoggerEvents.SendTestResult: Invoking callback 1/1 for Microsoft.VisualStudio.TestPlatform.CommandLine.Internal.ConsoleLogger., took 1 ms.
TpTrace Verbose: 0 : 39580, 4, 2023/05/21, 19:35:47.820, 1867402017513, vstest.console.dll, MulticastDelegateUtilities.SafeInvoke: InternalTestLoggerEvents.SendTestResult: Invoking callback 1/1 for Microsoft.VisualStudio.TestPlatform.CommandLine.Internal.ConsoleLogger., took 0 ms.
TpTrace Verbose: 0 : 39580, 4, 2023/05/21, 19:35:47.820, 1867402018918, vstest.console.dll, MulticastDelegateUtilities.SafeInvoke: InternalTestLoggerEvents.SendTestResult: Invoking callback 1/1 for Microsoft.VisualStudio.TestPlatform.CommandLine.Internal.ConsoleLogger., took 0 ms.
TpTrace Verbose: 0 : 39580, 4, 2023/05/21, 19:35:47.820, 1867402020134, vstest.console.dll, MulticastDelegateUtilities.SafeInvoke: InternalTestLoggerEvents.SendTestResult: Invoking callback 1/1 for Microsoft.VisualStudio.TestPlatform.CommandLine.Internal.ConsoleLogger., took 0 ms.
TpTrace Verbose: 0 : 39580, 4, 2023/05/21, 19:35:47.820, 1867402022330, vstest.console.dll, MulticastDelegateUtilities.SafeInvoke: InternalTestLoggerEvents.SendTestResult: Invoking callback 1/1 for Microsoft.VisualStudio.TestPlatform.CommandLine.Internal.ConsoleLogger., took 0 ms.
TpTrace Verbose: 0 : 39580, 4, 2023/05/21, 19:35:47.820, 1867402024894, vstest.console.dll, MulticastDelegateUtilities.SafeInvoke: InternalTestLoggerEvents.SendTestResult: Invoking callback 1/1 for Microsoft.VisualStudio.TestPlatform.CommandLine.Internal.ConsoleLogger., took 0 ms.
TpTrace Verbose: 0 : 39580, 4, 2023/05/21, 19:35:47.820, 1867402026294, vstest.console.dll, MulticastDelegateUtilities.SafeInvoke: InternalTestLoggerEvents.SendTestResult: Invoking callback 1/1 for Microsoft.VisualStudio.TestPlatform.CommandLine.Internal.ConsoleLogger., took 0 ms.
TpTrace Verbose: 0 : 39580, 4, 2023/05/21, 19:35:47.821, 1867402027383, vstest.console.dll, MulticastDelegateUtilities.SafeInvoke: InternalTestLoggerEvents.SendTestRunMessage: Invoking callback 1/1 for Microsoft.VisualStudio.TestPlatform.CommandLine.Internal.ConsoleLogger., took 0 ms.
TpTrace Verbose: 0 : 39580, 14, 2023/05/21, 19:35:47.856, 1867402385457, vstest.console.dll, TcpClientExtensions.MessageLoopAsync: NotifyDataAvailable remoteEndPoint: 127.0.0.1:62365 localEndPoint: 127.0.0.1:62362
TpTrace Verbose: 0 : 39580, 14, 2023/05/21, 19:35:47.857, 1867402387944, vstest.console.dll, TestRequestSender.OnExecutionMessageReceived: Received message: {"Version":7,"MessageType":"TestExecution.Completed","Payload":{"TestRunCompleteArgs":{"TestRunStatistics":{"ExecutedTests":11,"Stats":{"Passed":9,"Failed":2}},"IsCanceled":false,"IsAborted":false,"Error":null,"AttachmentSets":[],"InvokedDataCollectors":[],"ElapsedTimeInRunningTests":"00:00:02.3363791","Metrics":{},"DiscoveredExtensions":{"TestDiscoverers":["Xunit.Runner.VisualStudio.VsTestRunner, xunit.runner.visualstudio.dotnetcore.testadapter, Version=2.4.0.0, Culture=neutral, PublicKeyToken=8d05b1bb7a6fdb6c"],"TestExecutors":["executor://xunit/VsTestRunner2/netcoreapp"],"TestExecutors2":[],"TestSettingsProviders":[]}},"LastRunTests":{"NewTestResults":[{"TestCase":{"Id":"926f5b02-b652-48ae-7ee3-54a6d2b017d2","FullyQualifiedName":"BankAccount.Test.Bll.TestBllAccountService.TestGetAllAccount_GivenResultFromDb_ReturnObjectWithAccounts","DisplayName":"BankAccount.Test.Bll.TestBllAccountService.TestGetAllAccount_GivenResultFromDb_ReturnObjectWithAccounts","ExecutorUri":"executor://xunit/VsTestRunner2/netcoreapp","Source":"C:\\Users\\AliRaid\\source\\reposESGI\\CSharpBankccount\\BankAccount\\BankAccount.Test.Bll\\bin\\Debug\\net6.0\\fine-code-coverage\\build-output\\BankAccount.Test.Bll.dll","CodeFilePath":null,"LineNumber":0,"Properties":[]},"Attachments":[],"Outcome":1,"ErrorMessage":null,"ErrorStackTrace":null,"DisplayName":"BankAccount.Test.Bll.TestBllAccountService.TestGetAllAccount_GivenResultFromDb_ReturnObjectWithAccounts","Messages":[],"ComputerName":"LAPTOPFR218","Duration":"00:00:00.0100383","StartTime":"2023-05-21T17:35:47.7983038+00:00","EndTime":"2023-05-21T17:35:47.798304+00:00","Properties":[]},{"TestCase":{"Id":"ee8423d0-dfa9-a304-38bb-ea4384d0d9a4","FullyQualifiedName":"BankAccount.Test.Bll.TestBllAccountService.TestGetAllTransactions_GivenValidReference_ReturnObjectWithResult","DisplayName":"BankAccount.Test.Bll.TestBllAccountService.TestGetAllTransactions_GivenValidReference_ReturnObjectWithResult","ExecutorUri":"executor://xunit/VsTestRunner2/netcoreapp","Source":"C:\\Users\\AliRaid\\source\\reposESGI\\CSharpBankccount\\BankAccount\\BankAccount.Test.Bll\\bin\\Debug\\net6.0\\fine-code-coverage\\build-output\\BankAccount.Test.Bll.dll","CodeFilePath":null,"LineNumber":0,"Properties":[]},"Attachments":[],"Outcome":1,"ErrorMessage":null,"ErrorStackTrace":null,"DisplayName":"BankAccount.Test.Bll.TestBllAccountService.TestGetAllTransactions_GivenValidReference_ReturnObjectWithResult","Messages":[],"ComputerName":"LAPTOPFR218","Duration":"00:00:00.0067084","StartTime":"2023-05-21T17:35:47.8014463+00:00","EndTime":"2023-05-21T17:35:47.8014464+00:00","Properties":[]}],"TestRunStatistics":{"ExecutedTests":11,"Stats":{"Passed":9,"Failed":2}},"ActiveTests":[]},"RunAttachments":[],"ExecutorUris":["executor://xunit/VsTestRunner2/netcoreapp"]}}
TpTrace Verbose: 0 : 39580, 14, 2023/05/21, 19:35:47.857, 1867402389226, vstest.console.dll, TestRequestSender.EndSession: Sending end session.
TpTrace Verbose: 0 : 39580, 14, 2023/05/21, 19:35:47.857, 1867402393818, vstest.console.dll, ProxyOperationManager.Close: waiting for test host to exit for 100 ms
TpTrace Warning: 0 : 39580, 12, 2023/05/21, 19:35:47.897, 1867402796113, vstest.console.dll, TestHostManagerCallbacks.ErrorReceivedCallback Test host standard error line: 
TpTrace Verbose: 0 : 39580, 12, 2023/05/21, 19:35:47.925, 1867403073536, vstest.console.dll, TestHostProvider.ExitCallBack: Host exited starting callback.
TpTrace Information: 0 : 39580, 12, 2023/05/21, 19:35:47.925, 1867403076179, vstest.console.dll, TestHostManagerCallbacks.ExitCallBack: Testhost processId: 40980 exited with exitcode: 0 error: ''
TpTrace Verbose: 0 : 39580, 12, 2023/05/21, 19:35:47.926, 1867403076869, vstest.console.dll, DotnetTestHostManager.OnHostExited: invoking OnHostExited callback
TpTrace Verbose: 0 : 39580, 12, 2023/05/21, 19:35:47.926, 1867403077635, vstest.console.dll, CrossPlatEngine.TestHostManagerHostExited: calling on client process exit callback.
TpTrace Information: 0 : 39580, 12, 2023/05/21, 19:35:47.926, 1867403078441, vstest.console.dll, TestRequestSender.OnClientProcessExit: Test host process exited. Standard error: 
TpTrace Information: 0 : 39580, 12, 2023/05/21, 19:35:47.926, 1867403079057, vstest.console.dll, SocketServer.Stop: Stop server endPoint: 127.0.0.1:62362
TpTrace Information: 0 : 39580, 12, 2023/05/21, 19:35:47.926, 1867403079504, vstest.console.dll, SocketServer.Stop: Cancellation requested. Stopping message loop.
TpTrace Information: 0 : 39580, 14, 2023/05/21, 19:35:47.926, 1867403080246, vstest.console.dll, SocketServer.Stop: Stop server endPoint: 127.0.0.1:62362
TpTrace Information: 0 : 39580, 14, 2023/05/21, 19:35:47.926, 1867403081200, vstest.console.dll, SocketServer.Stop: Cancellation requested. Stopping message loop.
TpTrace Verbose: 0 : 39580, 12, 2023/05/21, 19:35:47.926, 1867403080833, vstest.console.dll, MulticastDelegateUtilities.SafeInvoke: HostProviderEvents.OnHostExited: Invoking callback 1/1 for Microsoft.VisualStudio.TestPlatform.CrossPlatEngine.Client.ProxyOperationManager., took 0 ms.
TpTrace Information: 0 : 39580, 14, 2023/05/21, 19:35:47.926, 1867403081999, vstest.console.dll, Closing the connection
TpTrace Verbose: 0 : 39580, 14, 2023/05/21, 19:35:47.927, 1867403086966, vstest.console.dll, ProxyDataCollectionManager.InvokeDataCollectionServiceAction: Starting.
TpTrace Information: 0 : 39580, 14, 2023/05/21, 19:35:47.927, 1867403087744, vstest.console.dll, ProxyDataCollectionManager.AfterTestRunEnd: Get attachment set and invoked data collectors processId: 38212 port: 62359
TpTrace Verbose: 0 : 39580, 14, 2023/05/21, 19:35:47.927, 1867403088462, vstest.console.dll, DataCollectionRequestSender.SendAfterTestRunStartAndGetResult: Send AfterTestRunEnd message with isCancelled: False
TpTrace Verbose: 0 : 39580, 14, 2023/05/21, 19:35:47.939, 1867403212707, vstest.console.dll, DataCollectionRequestSender.SendAfterTestRunStartAndGetResult: Received message: (DataCollection.AfterTestRunEndResult) -> {"MessageType":"DataCollection.AfterTestRunEndResult","Payload":{"AttachmentSets":[],"InvokedDataCollectors":[{"Uri":"datacollector://Microsoft/TestPlatform/Extensions/Blame/v1","FriendlyName":"Blame","AssemblyQualifiedName":"Microsoft.TestPlatform.Extensions.BlameDataCollector.BlameCollector, Microsoft.TestPlatform.Extensions.BlameDataCollector, Version=15.0.0.0, Culture=neutral, PublicKeyToken=b03f5f7f11d50a3a","FilePath":"C:\\Program Files\\dotnet\\sdk\\7.0.102\\Extensions\\Microsoft.TestPlatform.Extensions.BlameDataCollector.dll","HasAttachmentProcessor":false}],"Metrics":{}}}
TpTrace Warning: 0 : 39580, 10, 2023/05/21, 19:35:47.950, 1867403318318, vstest.console.dll, DataCollectionLauncher.ErrorReceivedCallback datacollector standard error line: 
TpTrace Information: 0 : 39580, 14, 2023/05/21, 19:35:47.952, 1867403339840, vstest.console.dll, ProxyDataCollectionManager.InvokeDataCollectionServiceAction: Completed.
TpTrace Information: 0 : 39580, 10, 2023/05/21, 19:35:47.960, 1867403426205, vstest.console.dll, DataCollectionLauncher.ExitCallBack: Data collector exited with exitcode: 0 error: ''
TpTrace Verbose: 0 : 39580, 14, 2023/05/21, 19:35:48.017, 1867403992279, vstest.console.dll, TestRunRequest:SendTestRunStatsChange: Starting.
TpTrace Verbose: 0 : 39580, 14, 2023/05/21, 19:35:48.017, 1867403993910, vstest.console.dll, MulticastDelegateUtilities.SafeInvoke: TestRun.RunStatsChanged: Invoking callbacks was skipped because there are no subscribers.
TpTrace Information: 0 : 39580, 14, 2023/05/21, 19:35:48.017, 1867403994396, vstest.console.dll, TestRunRequest:SendTestRunStatsChange: Completed.
TpTrace Verbose: 0 : 39580, 14, 2023/05/21, 19:35:48.018, 1867404001439, vstest.console.dll, ParallelProxyExecutionManager: HandlePartialRunComplete: Total completed clients = 1, Run complete = True, Run canceled: False.
TpTrace Verbose: 0 : 39580, 4, 2023/05/21, 19:35:48.019, 1867404007125, vstest.console.dll, MulticastDelegateUtilities.SafeInvoke: InternalTestLoggerEvents.SendTestResult: Invoking callback 1/1 for Microsoft.VisualStudio.TestPlatform.CommandLine.Internal.ConsoleLogger., took 1 ms.
TpTrace Verbose: 0 : 39580, 4, 2023/05/21, 19:35:48.019, 1867404008297, vstest.console.dll, MulticastDelegateUtilities.SafeInvoke: InternalTestLoggerEvents.SendTestResult: Invoking callback 1/1 for Microsoft.VisualStudio.TestPlatform.CommandLine.Internal.ConsoleLogger., took 0 ms.
TpTrace Verbose: 0 : 39580, 4, 2023/05/21, 19:35:48.032, 1867404146369, vstest.console.dll, MulticastDelegateUtilities.SafeInvoke: InternalTestLoggerEvents.SendTestRunComplete: Invoking callback 1/2 for Microsoft.TestPlatform.Extensions.BlameDataCollector.BlameLogger., took 0 ms.
TpTrace Verbose: 0 : 39580, 4, 2023/05/21, 19:35:48.041, 1867404236782, vstest.console.dll, MulticastDelegateUtilities.SafeInvoke: InternalTestLoggerEvents.SendTestRunComplete: Invoking callback 2/2 for Microsoft.VisualStudio.TestPlatform.CommandLine.Internal.ConsoleLogger., took 8 ms.
TpTrace Verbose: 0 : 39580, 14, 2023/05/21, 19:35:48.042, 1867404246262, vstest.console.dll, TestRunRequest:TestRunComplete: Starting. IsAborted:False IsCanceled:False.
TpTrace Verbose: 0 : 39580, 14, 2023/05/21, 19:35:48.045, 1867404270297, vstest.console.dll, TestLoggerManager.HandleTestRunComplete: Ignoring as the object is disposed.
TpTrace Verbose: 0 : 39580, 14, 2023/05/21, 19:35:48.046, 1867404276782, vstest.console.dll, MulticastDelegateUtilities.SafeInvoke: TestRun.TestRunComplete: Invoking callback 1/2 for Microsoft.VisualStudio.TestPlatform.CommandLine.TestRunResultAggregator., took 0 ms.
TpTrace Verbose: 0 : 39580, 14, 2023/05/21, 19:35:48.046, 1867404279778, vstest.console.dll, MulticastDelegateUtilities.SafeInvoke: TestRun.TestRunComplete: Invoking callback 2/2 for Microsoft.VisualStudio.TestPlatform.CommandLine.Processors.RunTestsArgumentExecutor+TestRunRequestEventsRegistrar., took 0 ms.
TpTrace Information: 0 : 39580, 14, 2023/05/21, 19:35:48.046, 1867404281735, vstest.console.dll, TestRunRequest:TestRunComplete: Completed.
TpTrace Verbose: 0 : 39580, 14, 2023/05/21, 19:35:48.046, 1867404282400, vstest.console.dll, TestRequestSender.SetOperationComplete: Setting operation complete.
TpTrace Information: 0 : 39580, 14, 2023/05/21, 19:35:48.046, 1867404282966, vstest.console.dll, SocketServer.Stop: Stop server endPoint: 127.0.0.1:62362
TpTrace Information: 0 : 39580, 14, 2023/05/21, 19:35:48.046, 1867404283439, vstest.console.dll, SocketServer.Stop: Cancellation requested. Stopping message loop.
TpTrace Verbose: 0 : 39580, 1, 2023/05/21, 19:35:48.046, 1867404283518, vstest.console.dll, TestRunRequest.Dispose: Starting.
TpTrace Verbose: 0 : 39580, 14, 2023/05/21, 19:35:48.046, 1867404283943, vstest.console.dll, MulticastDelegateUtilities.SafeInvoke: LengthPrefixCommunicationChannel: MessageReceived: Invoking callback 1/1 for Microsoft.VisualStudio.TestPlatform.CommunicationUtilities.TestRequestSender+<>c__DisplayClass31_0., took 189 ms.
TpTrace Information: 0 : 39580, 1, 2023/05/21, 19:35:48.046, 1867404284994, vstest.console.dll, TestRunRequest.Dispose: Completed.
TpTrace Information: 0 : 39580, 14, 2023/05/21, 19:35:48.046, 1867404286445, vstest.console.dll, SocketServer.PrivateStop: Stopping server endPoint: 127.0.0.1:62362 error: 
TpTrace Information: 0 : 39580, 1, 2023/05/21, 19:35:48.047, 1867404287397, vstest.console.dll, TestRequestManager.RunTests: run tests completed.
TpTrace Information: 0 : 39580, 1, 2023/05/21, 19:35:48.047, 1867404290734, vstest.console.dll, RunTestsArgumentProcessor:Execute: Test run is completed.
TpTrace Verbose: 0 : 39580, 14, 2023/05/21, 19:35:48.047, 1867404295101, vstest.console.dll, LengthPrefixCommunicationChannel.Dispose: Dispose reader and writer.
TpTrace Information: 0 : 39580, 14, 2023/05/21, 19:35:48.047, 1867404296160, vstest.console.dll, SocketServer.Stop: Raise disconnected event endPoint: 127.0.0.1:62362 error: 
TpTrace Verbose: 0 : 39580, 1, 2023/05/21, 19:35:48.047, 1867404296110, vstest.console.dll, Executor.Execute: Exiting with exit code of 1
TpTrace Verbose: 0 : 39580, 14, 2023/05/21, 19:35:48.048, 1867404297684, vstest.console.dll, TestRequestSender: OnTestRunAbort: Operation is already complete. Skip error message.
TpTrace Verbose: 0 : 39580, 14, 2023/05/21, 19:35:48.048, 1867404298591, vstest.console.dll, MulticastDelegateUtilities.SafeInvoke: SocketServer: ClientDisconnected: Invoking callback 1/1 for Microsoft.VisualStudio.TestPlatform.CommunicationUtilities.TestRequestSender., took 0 ms.
TpTrace Verbose: 0 : 39580, 14, 2023/05/21, 19:35:48.048, 1867404299322, vstest.console.dll, TcpClientExtensions.MessageLoopAsync: exiting MessageLoopAsync remoteEndPoint: 127.0.0.1:62365 localEndPoint: 127.0.0.1:62362
